Arguments: 
  C:\Program Files (x86)\nodejs\node.exe C:\Users\jiuhua-pc\AppData\Roaming\npm\node_modules\yarn\bin\yarn.js add eapress

PATH: 
  C:\Program Files (x86)\NetSarang\Xftp 6\;C:\Program Files (x86)\NetSarang\Xshell 6\;C:\WINDOWS\system32;C:\WINDOWS;C:\WINDOWS\System32\Wbem;C:\WINDOWS\System32\WindowsPowerShell\v1.0\;C:\WINDOWS\System32\OpenSSH\;D:\sim\nvm;C:\Program Files\nodejs;D:\mongodb\bin;D:\sim\Git\cmd;C:\Users\jiuhua-pc\AppData\Local\Programs\Python\Python36\;C:\Users\jiuhua-pc\AppData\Local\Programs\Python\Python36\Scripts;C:\Users\jiuhua-pc\Downloads\chromedriver_win32;C:\Program Files (x86)\nodejs\;C:\Users\jiuhua-pc\AppData\Local\Programs\Python\Python36\Scripts\;C:\Users\jiuhua-pc\AppData\Local\Programs\Python\Python36\;C:\Users\jiuhua-pc\AppData\Local\Microsoft\WindowsApps;D:\sim\Microsoft VS Code\bin;D:\sim\nvm;C:\Program Files\nodejs;D:\sim\datagrip\DataGrip 2020.1.5\bin;C:\Users\jiuhua-pc\AppData\Local\Microsoft\WindowsApps;C:\Users\jiuhua-pc\AppData\Local\GitHubDesktop\bin;C:\Users\jiuhua-pc\AppData\Roaming\npm

Yarn version: 
  1.22.10

Node version: 
  14.17.0

Platform: 
  win32 ia32

Trace: 
  Error: https://registry.yarnpkg.com/eapress: Not found
      at Request.params.callback [as _callback] (C:\Users\jiuhua-pc\AppData\Roaming\npm\node_modules\yarn\lib\cli.js:66988:18)
      at Request.self.callback (C:\Users\jiuhua-pc\AppData\Roaming\npm\node_modules\yarn\lib\cli.js:140662:22)
      at Request.emit (events.js:376:20)
      at Request.<anonymous> (C:\Users\jiuhua-pc\AppData\Roaming\npm\node_modules\yarn\lib\cli.js:141634:10)
      at Request.emit (events.js:376:20)
      at IncomingMessage.<anonymous> (C:\Users\jiuhua-pc\AppData\Roaming\npm\node_modules\yarn\lib\cli.js:141556:12)
      at Object.onceWrapper (events.js:482:28)
      at IncomingMessage.emit (events.js:388:22)
      at endReadableNT (internal/streams/readable.js:1336:12)
      at processTicksAndRejections (internal/process/task_queues.js:82:21)

npm manifest: 
  {
    "name": "tomato-work-server",
    "version": "1.0.0",
    "description": "server for tomato",
    "main": "index.js",
    "repository": "git@github.com:xszi/tomato-work-server.git",
    "author": "xszi <jiuhuaw@126.com>",
    "license": "MIT",
    "scripts": {
    },
    "devDependencies": {},
    "dependencies": {
    }
  }

yarn manifest: 
  No manifest

Lockfile: 
  
