2021-05-29 15:20:46,991 INFO 288 [egg:logger] init all loggers with options: {"dir":"E:\\projects\\tomato-work-server\\logs\\tomato-work-server","encoding":"utf8","env":"local","level":"INFO","consoleLevel":"INFO","disableConsoleAfterReady":false,"outputJSON":false,"buffer":true,"appLogName":"tomato-work-server-web.log","coreLogName":"egg-web.log","agentLogName":"egg-agent.log","errorLogName":"common-error.log","coreLogger":{"consoleLevel":"WARN"},"allowDebugAtProd":false,"type":"application"}
2021-05-29 15:20:47,037 INFO 288 [egg-multipart] stream mode enable
2021-05-29 15:20:47,232 INFO 288 [egg-static] starting static serve /public/ -> E:\projects\tomato-work-server\app\public
2021-05-29 15:20:47,238 INFO 288 [egg-security] use csrf middleware
2021-05-29 15:20:47,240 INFO 288 [egg-security] use methodnoallow middleware
2021-05-29 15:20:47,241 INFO 288 [egg-security] use noopen middleware
2021-05-29 15:20:47,243 INFO 288 [egg-security] use nosniff middleware
2021-05-29 15:20:47,244 INFO 288 [egg-security] use xssProtection middleware
2021-05-29 15:20:47,245 INFO 288 [egg-security] use xframe middleware
2021-05-29 15:20:47,247 INFO 288 [egg-security] use dta middleware
2021-05-29 15:20:47,247 INFO 288 [egg-security] compose 7 middlewares into one security middleware
2021-05-29 15:20:47,268 INFO 288 [egg:core] dump config after load, 13ms
2021-05-29 15:20:47,297 INFO 288 [egg-watcher:application] watcher start success
2021-05-29 15:20:47,315 INFO 288 [egg:core] dump config after ready, 15ms
2021-05-29 15:30:16,615 INFO 11728 [egg:logger] init all loggers with options: {"dir":"E:\\projects\\tomato-work-server\\logs\\tomato-work-server","encoding":"utf8","env":"local","level":"INFO","consoleLevel":"INFO","disableConsoleAfterReady":false,"outputJSON":false,"buffer":true,"appLogName":"tomato-work-server-web.log","coreLogName":"egg-web.log","agentLogName":"egg-agent.log","errorLogName":"common-error.log","coreLogger":{"consoleLevel":"WARN"},"allowDebugAtProd":false,"type":"application"}
2021-05-29 15:30:16,657 INFO 11728 [egg-multipart] stream mode enable
2021-05-29 15:30:16,813 INFO 11728 [egg-static] starting static serve /public/ -> E:\projects\tomato-work-server\app\public
2021-05-29 15:30:16,816 INFO 11728 [egg-security] use csrf middleware
2021-05-29 15:30:16,818 INFO 11728 [egg-security] use methodnoallow middleware
2021-05-29 15:30:16,818 INFO 11728 [egg-security] use noopen middleware
2021-05-29 15:30:16,820 INFO 11728 [egg-security] use nosniff middleware
2021-05-29 15:30:16,821 INFO 11728 [egg-security] use xssProtection middleware
2021-05-29 15:30:16,822 INFO 11728 [egg-security] use xframe middleware
2021-05-29 15:30:16,823 INFO 11728 [egg-security] use dta middleware
2021-05-29 15:30:16,823 INFO 11728 [egg-security] compose 7 middlewares into one security middleware
2021-05-29 15:30:16,839 INFO 11728 [egg:core] dump config after load, 11ms
2021-05-29 15:30:16,874 INFO 11728 [egg-watcher:application] watcher start success
2021-05-29 15:30:16,893 INFO 11728 [egg:core] dump config after ready, 15ms
2021-05-29 15:30:34,800 INFO 16400 [egg:logger] init all loggers with options: {"dir":"E:\\projects\\tomato-work-server\\logs\\tomato-work-server","encoding":"utf8","env":"local","level":"INFO","consoleLevel":"INFO","disableConsoleAfterReady":false,"outputJSON":false,"buffer":true,"appLogName":"tomato-work-server-web.log","coreLogName":"egg-web.log","agentLogName":"egg-agent.log","errorLogName":"common-error.log","coreLogger":{"consoleLevel":"WARN"},"allowDebugAtProd":false,"type":"application"}
2021-05-29 15:30:34,848 INFO 16400 [egg-multipart] stream mode enable
2021-05-29 15:30:35,017 INFO 16400 [egg-static] starting static serve /public/ -> E:\projects\tomato-work-server\app\public
2021-05-29 15:30:35,020 INFO 16400 [egg-security] use csrf middleware
2021-05-29 15:30:35,022 INFO 16400 [egg-security] use methodnoallow middleware
2021-05-29 15:30:35,022 INFO 16400 [egg-security] use noopen middleware
2021-05-29 15:30:35,023 INFO 16400 [egg-security] use nosniff middleware
2021-05-29 15:30:35,024 INFO 16400 [egg-security] use xssProtection middleware
2021-05-29 15:30:35,025 INFO 16400 [egg-security] use xframe middleware
2021-05-29 15:30:35,026 INFO 16400 [egg-security] use dta middleware
2021-05-29 15:30:35,026 INFO 16400 [egg-security] compose 7 middlewares into one security middleware
2021-05-29 15:30:35,045 INFO 16400 [egg:core] dump config after load, 13ms
2021-05-29 15:30:35,087 INFO 16400 [egg-watcher:application] watcher start success
2021-05-29 15:30:35,118 INFO 16400 [egg:core] dump config after ready, 25ms
2021-05-29 15:32:15,557 INFO 10312 [egg:logger] init all loggers with options: {"dir":"E:\\projects\\tomato-work-server\\logs\\tomato-work-server","encoding":"utf8","env":"local","level":"INFO","consoleLevel":"INFO","disableConsoleAfterReady":false,"outputJSON":false,"buffer":true,"appLogName":"tomato-work-server-web.log","coreLogName":"egg-web.log","agentLogName":"egg-agent.log","errorLogName":"common-error.log","coreLogger":{"consoleLevel":"WARN"},"allowDebugAtProd":false,"type":"application"}
2021-05-29 15:32:15,594 INFO 10312 [egg-multipart] stream mode enable
2021-05-29 15:32:15,758 INFO 10312 [egg-static] starting static serve /public/ -> E:\projects\tomato-work-server\app\public
2021-05-29 15:32:15,762 INFO 10312 [egg-security] use csrf middleware
2021-05-29 15:32:15,763 INFO 10312 [egg-security] use methodnoallow middleware
2021-05-29 15:32:15,764 INFO 10312 [egg-security] use noopen middleware
2021-05-29 15:32:15,765 INFO 10312 [egg-security] use nosniff middleware
2021-05-29 15:32:15,766 INFO 10312 [egg-security] use xssProtection middleware
2021-05-29 15:32:15,766 INFO 10312 [egg-security] use xframe middleware
2021-05-29 15:32:15,767 INFO 10312 [egg-security] use dta middleware
2021-05-29 15:32:15,767 INFO 10312 [egg-security] compose 7 middlewares into one security middleware
2021-05-29 15:32:15,782 INFO 10312 [egg:core] dump config after load, 9ms
2021-05-29 15:32:15,823 INFO 10312 [egg-watcher:application] watcher start success
2021-05-29 15:32:15,841 INFO 10312 [egg:core] dump config after ready, 14ms
2021-05-29 15:32:26,085 INFO 1988 [egg:logger] init all loggers with options: {"dir":"E:\\projects\\tomato-work-server\\logs\\tomato-work-server","encoding":"utf8","env":"local","level":"INFO","consoleLevel":"INFO","disableConsoleAfterReady":false,"outputJSON":false,"buffer":true,"appLogName":"tomato-work-server-web.log","coreLogName":"egg-web.log","agentLogName":"egg-agent.log","errorLogName":"common-error.log","coreLogger":{"consoleLevel":"WARN"},"allowDebugAtProd":false,"type":"application"}
2021-05-29 15:32:26,133 INFO 1988 [egg-multipart] stream mode enable
2021-05-29 15:32:26,294 INFO 1988 [egg-static] starting static serve /public/ -> E:\projects\tomato-work-server\app\public
2021-05-29 15:32:26,298 INFO 1988 [egg-security] use csrf middleware
2021-05-29 15:32:26,299 INFO 1988 [egg-security] use methodnoallow middleware
2021-05-29 15:32:26,300 INFO 1988 [egg-security] use noopen middleware
2021-05-29 15:32:26,301 INFO 1988 [egg-security] use nosniff middleware
2021-05-29 15:32:26,302 INFO 1988 [egg-security] use xssProtection middleware
2021-05-29 15:32:26,302 INFO 1988 [egg-security] use xframe middleware
2021-05-29 15:32:26,303 INFO 1988 [egg-security] use dta middleware
2021-05-29 15:32:26,303 INFO 1988 [egg-security] compose 7 middlewares into one security middleware
2021-05-29 15:32:26,328 INFO 1988 [egg:core] dump config after load, 17ms
2021-05-29 15:32:26,363 INFO 1988 [egg-watcher:application] watcher start success
2021-05-29 15:32:26,379 INFO 1988 [egg:core] dump config after ready, 13ms
2021-05-29 15:35:24,635 INFO 17460 [egg:logger] init all loggers with options: {"dir":"E:\\projects\\tomato-work-server\\logs\\tomato-work-server","encoding":"utf8","env":"local","level":"INFO","consoleLevel":"INFO","disableConsoleAfterReady":false,"outputJSON":false,"buffer":true,"appLogName":"tomato-work-server-web.log","coreLogName":"egg-web.log","agentLogName":"egg-agent.log","errorLogName":"common-error.log","coreLogger":{"consoleLevel":"WARN"},"allowDebugAtProd":false,"type":"application"}
2021-05-29 15:35:24,681 INFO 17460 [egg-multipart] stream mode enable
2021-05-29 15:35:24,845 INFO 17460 [egg-static] starting static serve /public/ -> E:\projects\tomato-work-server\app\public
2021-05-29 15:35:24,850 INFO 17460 [egg-security] use csrf middleware
2021-05-29 15:35:24,852 INFO 17460 [egg-security] use methodnoallow middleware
2021-05-29 15:35:24,852 INFO 17460 [egg-security] use noopen middleware
2021-05-29 15:35:24,854 INFO 17460 [egg-security] use nosniff middleware
2021-05-29 15:35:24,854 INFO 17460 [egg-security] use xssProtection middleware
2021-05-29 15:35:24,856 INFO 17460 [egg-security] use xframe middleware
2021-05-29 15:35:24,857 INFO 17460 [egg-security] use dta middleware
2021-05-29 15:35:24,857 INFO 17460 [egg-security] compose 7 middlewares into one security middleware
2021-05-29 15:35:24,879 INFO 17460 [egg:core] dump config after load, 15ms
2021-05-29 15:35:24,927 INFO 17460 [egg-watcher:application] watcher start success
2021-05-29 15:35:24,945 INFO 17460 [egg:core] dump config after ready, 14ms
2021-05-29 15:37:26,184 INFO 5564 [egg:logger] init all loggers with options: {"dir":"E:\\projects\\tomato-work-server\\logs\\tomato-work-server","encoding":"utf8","env":"local","level":"INFO","consoleLevel":"INFO","disableConsoleAfterReady":false,"outputJSON":false,"buffer":true,"appLogName":"tomato-work-server-web.log","coreLogName":"egg-web.log","agentLogName":"egg-agent.log","errorLogName":"common-error.log","coreLogger":{"consoleLevel":"WARN"},"allowDebugAtProd":false,"type":"application"}
2021-05-29 15:37:26,240 INFO 5564 [egg-multipart] stream mode enable
2021-05-29 15:37:26,466 INFO 5564 [egg-static] starting static serve /public/ -> E:\projects\tomato-work-server\app\public
2021-05-29 15:37:26,471 INFO 5564 [egg-security] use csrf middleware
2021-05-29 15:37:26,474 INFO 5564 [egg-security] use methodnoallow middleware
2021-05-29 15:37:26,477 INFO 5564 [egg-security] use noopen middleware
2021-05-29 15:37:26,480 INFO 5564 [egg-security] use nosniff middleware
2021-05-29 15:37:26,481 INFO 5564 [egg-security] use xssProtection middleware
2021-05-29 15:37:26,482 INFO 5564 [egg-security] use xframe middleware
2021-05-29 15:37:26,483 INFO 5564 [egg-security] use dta middleware
2021-05-29 15:37:26,484 INFO 5564 [egg-security] compose 7 middlewares into one security middleware
2021-05-29 15:37:26,502 INFO 5564 [egg:core] dump config after load, 11ms
2021-05-29 15:37:26,562 INFO 5564 [egg-watcher:application] watcher start success
2021-05-29 15:37:26,622 INFO 5564 [egg:core] dump config after ready, 55ms
2021-05-29 15:37:54,946 INFO 18164 [egg:logger] init all loggers with options: {"dir":"E:\\projects\\tomato-work-server\\logs\\tomato-work-server","encoding":"utf8","env":"local","level":"INFO","consoleLevel":"INFO","disableConsoleAfterReady":false,"outputJSON":false,"buffer":true,"appLogName":"tomato-work-server-web.log","coreLogName":"egg-web.log","agentLogName":"egg-agent.log","errorLogName":"common-error.log","coreLogger":{"consoleLevel":"WARN"},"allowDebugAtProd":false,"type":"application"}
2021-05-29 15:37:55,024 INFO 18164 [egg-multipart] stream mode enable
2021-05-29 15:37:55,222 INFO 18164 [egg-static] starting static serve /public/ -> E:\projects\tomato-work-server\app\public
2021-05-29 15:37:55,225 INFO 18164 [egg-security] use csrf middleware
2021-05-29 15:37:55,226 INFO 18164 [egg-security] use methodnoallow middleware
2021-05-29 15:37:55,227 INFO 18164 [egg-security] use noopen middleware
2021-05-29 15:37:55,228 INFO 18164 [egg-security] use nosniff middleware
2021-05-29 15:37:55,229 INFO 18164 [egg-security] use xssProtection middleware
2021-05-29 15:37:55,229 INFO 18164 [egg-security] use xframe middleware
2021-05-29 15:37:55,230 INFO 18164 [egg-security] use dta middleware
2021-05-29 15:37:55,230 INFO 18164 [egg-security] compose 7 middlewares into one security middleware
2021-05-29 15:37:55,250 INFO 18164 [egg:core] dump config after load, 14ms
2021-05-29 15:37:55,278 INFO 18164 [egg-watcher:application] watcher start success
2021-05-29 15:37:55,312 INFO 18164 [egg:core] dump config after ready, 23ms
2021-05-29 15:38:15,960 INFO 13420 [egg:logger] init all loggers with options: {"dir":"E:\\projects\\tomato-work-server\\logs\\tomato-work-server","encoding":"utf8","env":"local","level":"INFO","consoleLevel":"INFO","disableConsoleAfterReady":false,"outputJSON":false,"buffer":true,"appLogName":"tomato-work-server-web.log","coreLogName":"egg-web.log","agentLogName":"egg-agent.log","errorLogName":"common-error.log","coreLogger":{"consoleLevel":"WARN"},"allowDebugAtProd":false,"type":"application"}
2021-05-29 15:38:16,002 INFO 13420 [egg-multipart] stream mode enable
2021-05-29 15:38:16,155 INFO 13420 [egg-static] starting static serve /public/ -> E:\projects\tomato-work-server\app\public
2021-05-29 15:38:16,158 INFO 13420 [egg-security] use csrf middleware
2021-05-29 15:38:16,160 INFO 13420 [egg-security] use methodnoallow middleware
2021-05-29 15:38:16,161 INFO 13420 [egg-security] use noopen middleware
2021-05-29 15:38:16,163 INFO 13420 [egg-security] use nosniff middleware
2021-05-29 15:38:16,164 INFO 13420 [egg-security] use xssProtection middleware
2021-05-29 15:38:16,164 INFO 13420 [egg-security] use xframe middleware
2021-05-29 15:38:16,165 INFO 13420 [egg-security] use dta middleware
2021-05-29 15:38:16,165 INFO 13420 [egg-security] compose 7 middlewares into one security middleware
2021-05-29 15:38:16,183 INFO 13420 [egg:core] dump config after load, 13ms
2021-05-29 15:38:16,249 INFO 13420 [egg-watcher:application] watcher start success
2021-05-29 15:38:16,277 INFO 13420 [egg:core] dump config after ready, 20ms
2021-05-29 15:38:33,371 INFO 9448 [egg:logger] init all loggers with options: {"dir":"E:\\projects\\tomato-work-server\\logs\\tomato-work-server","encoding":"utf8","env":"local","level":"INFO","consoleLevel":"INFO","disableConsoleAfterReady":false,"outputJSON":false,"buffer":true,"appLogName":"tomato-work-server-web.log","coreLogName":"egg-web.log","agentLogName":"egg-agent.log","errorLogName":"common-error.log","coreLogger":{"consoleLevel":"WARN"},"allowDebugAtProd":false,"type":"application"}
2021-05-29 15:38:33,439 INFO 9448 [egg-multipart] stream mode enable
2021-05-29 15:38:33,721 INFO 9448 [egg-static] starting static serve /public/ -> E:\projects\tomato-work-server\app\public
2021-05-29 15:38:33,726 INFO 9448 [egg-security] use csrf middleware
2021-05-29 15:38:33,727 INFO 9448 [egg-security] use methodnoallow middleware
2021-05-29 15:38:33,728 INFO 9448 [egg-security] use noopen middleware
2021-05-29 15:38:33,729 INFO 9448 [egg-security] use nosniff middleware
2021-05-29 15:38:33,730 INFO 9448 [egg-security] use xssProtection middleware
2021-05-29 15:38:33,730 INFO 9448 [egg-security] use xframe middleware
2021-05-29 15:38:33,731 INFO 9448 [egg-security] use dta middleware
2021-05-29 15:38:33,731 INFO 9448 [egg-security] compose 7 middlewares into one security middleware
2021-05-29 15:38:33,757 INFO 9448 [egg:core] dump config after load, 19ms
2021-05-29 15:38:33,803 INFO 9448 [egg-watcher:application] watcher start success
2021-05-29 15:38:33,824 INFO 9448 [egg:core] dump config after ready, 16ms
2021-05-29 15:38:43,630 INFO 16468 [egg:logger] init all loggers with options: {"dir":"E:\\projects\\tomato-work-server\\logs\\tomato-work-server","encoding":"utf8","env":"local","level":"INFO","consoleLevel":"INFO","disableConsoleAfterReady":false,"outputJSON":false,"buffer":true,"appLogName":"tomato-work-server-web.log","coreLogName":"egg-web.log","agentLogName":"egg-agent.log","errorLogName":"common-error.log","coreLogger":{"consoleLevel":"WARN"},"allowDebugAtProd":false,"type":"application"}
2021-05-29 15:38:43,667 INFO 16468 [egg-multipart] stream mode enable
2021-05-29 15:38:43,791 INFO 16468 [egg-static] starting static serve /public/ -> E:\projects\tomato-work-server\app\public
2021-05-29 15:38:43,794 INFO 16468 [egg-security] use csrf middleware
2021-05-29 15:38:43,795 INFO 16468 [egg-security] use methodnoallow middleware
2021-05-29 15:38:43,796 INFO 16468 [egg-security] use noopen middleware
2021-05-29 15:38:43,797 INFO 16468 [egg-security] use nosniff middleware
2021-05-29 15:38:43,798 INFO 16468 [egg-security] use xssProtection middleware
2021-05-29 15:38:43,798 INFO 16468 [egg-security] use xframe middleware
2021-05-29 15:38:43,799 INFO 16468 [egg-security] use dta middleware
2021-05-29 15:38:43,799 INFO 16468 [egg-security] compose 7 middlewares into one security middleware
2021-05-29 15:38:43,811 INFO 16468 [egg:core] dump config after load, 7ms
2021-05-29 15:38:43,833 INFO 16468 [egg-watcher:application] watcher start success
2021-05-29 15:38:43,854 INFO 16468 [egg:core] dump config after ready, 16ms
2021-05-29 15:41:30,321 INFO 3032 [egg:logger] init all loggers with options: {"dir":"E:\\projects\\tomato-work-server\\logs\\tomato-work-server","encoding":"utf8","env":"local","level":"INFO","consoleLevel":"INFO","disableConsoleAfterReady":false,"outputJSON":false,"buffer":true,"appLogName":"tomato-work-server-web.log","coreLogName":"egg-web.log","agentLogName":"egg-agent.log","errorLogName":"common-error.log","coreLogger":{"consoleLevel":"WARN"},"allowDebugAtProd":false,"type":"application"}
2021-05-29 15:41:30,373 INFO 3032 [egg-multipart] stream mode enable
2021-05-29 15:41:30,562 INFO 3032 [egg-static] starting static serve /public/ -> E:\projects\tomato-work-server\app\public
2021-05-29 15:41:30,569 INFO 3032 [egg-security] use csrf middleware
2021-05-29 15:41:30,571 INFO 3032 [egg-security] use methodnoallow middleware
2021-05-29 15:41:30,572 INFO 3032 [egg-security] use noopen middleware
2021-05-29 15:41:30,576 INFO 3032 [egg-security] use nosniff middleware
2021-05-29 15:41:30,578 INFO 3032 [egg-security] use xssProtection middleware
2021-05-29 15:41:30,579 INFO 3032 [egg-security] use xframe middleware
2021-05-29 15:41:30,580 INFO 3032 [egg-security] use dta middleware
2021-05-29 15:41:30,580 INFO 3032 [egg-security] compose 7 middlewares into one security middleware
2021-05-29 15:41:30,599 INFO 3032 [egg:core] dump config after load, 12ms
2021-05-29 15:41:30,618 INFO 3032 [egg-watcher:application] watcher start success
2021-05-29 15:41:30,640 INFO 3032 [egg:core] dump config after ready, 19ms
2021-05-29 15:41:57,727 INFO 4356 [egg:logger] init all loggers with options: {"dir":"E:\\projects\\tomato-work-server\\logs\\tomato-work-server","encoding":"utf8","env":"local","level":"INFO","consoleLevel":"INFO","disableConsoleAfterReady":false,"outputJSON":false,"buffer":true,"appLogName":"tomato-work-server-web.log","coreLogName":"egg-web.log","agentLogName":"egg-agent.log","errorLogName":"common-error.log","coreLogger":{"consoleLevel":"WARN"},"allowDebugAtProd":false,"type":"application"}
2021-05-29 15:41:57,789 INFO 4356 [egg-multipart] stream mode enable
2021-05-29 15:41:57,979 INFO 4356 [egg-static] starting static serve /public/ -> E:\projects\tomato-work-server\app\public
2021-05-29 15:41:57,983 INFO 4356 [egg-security] use csrf middleware
2021-05-29 15:41:57,984 INFO 4356 [egg-security] use methodnoallow middleware
2021-05-29 15:41:57,985 INFO 4356 [egg-security] use noopen middleware
2021-05-29 15:41:57,986 INFO 4356 [egg-security] use nosniff middleware
2021-05-29 15:41:57,987 INFO 4356 [egg-security] use xssProtection middleware
2021-05-29 15:41:57,988 INFO 4356 [egg-security] use xframe middleware
2021-05-29 15:41:57,989 INFO 4356 [egg-security] use dta middleware
2021-05-29 15:41:57,989 INFO 4356 [egg-security] compose 7 middlewares into one security middleware
2021-05-29 15:41:58,019 INFO 4356 [egg:core] dump config after load, 23ms
2021-05-29 15:41:58,057 INFO 4356 [egg-watcher:application] watcher start success
2021-05-29 15:41:58,089 INFO 4356 [egg:core] dump config after ready, 28ms
2021-05-29 15:42:16,515 INFO 1000 [egg:logger] init all loggers with options: {"dir":"E:\\projects\\tomato-work-server\\logs\\tomato-work-server","encoding":"utf8","env":"local","level":"INFO","consoleLevel":"INFO","disableConsoleAfterReady":false,"outputJSON":false,"buffer":true,"appLogName":"tomato-work-server-web.log","coreLogName":"egg-web.log","agentLogName":"egg-agent.log","errorLogName":"common-error.log","coreLogger":{"consoleLevel":"WARN"},"allowDebugAtProd":false,"type":"application"}
2021-05-29 15:42:16,577 INFO 1000 [egg-multipart] stream mode enable
2021-05-29 15:42:16,894 INFO 1000 [egg-static] starting static serve /public/ -> E:\projects\tomato-work-server\app\public
2021-05-29 15:42:16,900 INFO 1000 [egg-security] use csrf middleware
2021-05-29 15:42:16,903 INFO 1000 [egg-security] use methodnoallow middleware
2021-05-29 15:42:16,909 INFO 1000 [egg-security] use noopen middleware
2021-05-29 15:42:16,914 INFO 1000 [egg-security] use nosniff middleware
2021-05-29 15:42:16,918 INFO 1000 [egg-security] use xssProtection middleware
2021-05-29 15:42:16,920 INFO 1000 [egg-security] use xframe middleware
2021-05-29 15:42:16,924 INFO 1000 [egg-security] use dta middleware
2021-05-29 15:42:16,924 INFO 1000 [egg-security] compose 7 middlewares into one security middleware
2021-05-29 15:42:16,986 INFO 1000 [egg:core] dump config after load, 47ms
2021-05-29 15:42:17,034 INFO 1000 [egg-watcher:application] watcher start success
2021-05-29 15:42:17,060 INFO 1000 [egg:core] dump config after ready, 16ms
2021-05-29 15:43:54,083 INFO 16268 [egg:logger] init all loggers with options: {"dir":"E:\\projects\\tomato-work-server\\logs\\tomato-work-server","encoding":"utf8","env":"local","level":"INFO","consoleLevel":"INFO","disableConsoleAfterReady":false,"outputJSON":false,"buffer":true,"appLogName":"tomato-work-server-web.log","coreLogName":"egg-web.log","agentLogName":"egg-agent.log","errorLogName":"common-error.log","coreLogger":{"consoleLevel":"WARN"},"allowDebugAtProd":false,"type":"application"}
2021-05-29 15:43:54,120 INFO 16268 [egg-multipart] stream mode enable
2021-05-29 15:43:54,240 INFO 16268 [egg-static] starting static serve /public/ -> E:\projects\tomato-work-server\app\public
2021-05-29 15:43:54,243 INFO 16268 [egg-security] use csrf middleware
2021-05-29 15:43:54,244 INFO 16268 [egg-security] use methodnoallow middleware
2021-05-29 15:43:54,245 INFO 16268 [egg-security] use noopen middleware
2021-05-29 15:43:54,246 INFO 16268 [egg-security] use nosniff middleware
2021-05-29 15:43:54,246 INFO 16268 [egg-security] use xssProtection middleware
2021-05-29 15:43:54,247 INFO 16268 [egg-security] use xframe middleware
2021-05-29 15:43:54,247 INFO 16268 [egg-security] use dta middleware
2021-05-29 15:43:54,248 INFO 16268 [egg-security] compose 7 middlewares into one security middleware
2021-05-29 15:43:54,278 INFO 16268 [egg:core] dump config after load, 24ms
2021-05-29 15:43:54,311 INFO 16268 [egg-watcher:application] watcher start success
2021-05-29 15:43:54,327 INFO 16268 [egg:core] dump config after ready, 13ms
2021-05-29 15:44:06,988 INFO 5156 [egg:logger] init all loggers with options: {"dir":"E:\\projects\\tomato-work-server\\logs\\tomato-work-server","encoding":"utf8","env":"local","level":"INFO","consoleLevel":"INFO","disableConsoleAfterReady":false,"outputJSON":false,"buffer":true,"appLogName":"tomato-work-server-web.log","coreLogName":"egg-web.log","agentLogName":"egg-agent.log","errorLogName":"common-error.log","coreLogger":{"consoleLevel":"WARN"},"allowDebugAtProd":false,"type":"application"}
2021-05-29 15:44:07,026 INFO 5156 [egg-multipart] stream mode enable
2021-05-29 15:44:07,147 INFO 5156 [egg-static] starting static serve /public/ -> E:\projects\tomato-work-server\app\public
2021-05-29 15:44:07,150 INFO 5156 [egg-security] use csrf middleware
2021-05-29 15:44:07,151 INFO 5156 [egg-security] use methodnoallow middleware
2021-05-29 15:44:07,152 INFO 5156 [egg-security] use noopen middleware
2021-05-29 15:44:07,153 INFO 5156 [egg-security] use nosniff middleware
2021-05-29 15:44:07,153 INFO 5156 [egg-security] use xssProtection middleware
2021-05-29 15:44:07,154 INFO 5156 [egg-security] use xframe middleware
2021-05-29 15:44:07,155 INFO 5156 [egg-security] use dta middleware
2021-05-29 15:44:07,155 INFO 5156 [egg-security] compose 7 middlewares into one security middleware
2021-05-29 15:44:07,182 INFO 5156 [egg:core] dump config after load, 21ms
2021-05-29 15:44:07,213 INFO 5156 [egg-watcher:application] watcher start success
2021-05-29 15:44:07,233 INFO 5156 [egg:core] dump config after ready, 14ms
2021-05-29 15:44:20,164 INFO 14504 [egg:logger] init all loggers with options: {"dir":"E:\\projects\\tomato-work-server\\logs\\tomato-work-server","encoding":"utf8","env":"local","level":"INFO","consoleLevel":"INFO","disableConsoleAfterReady":false,"outputJSON":false,"buffer":true,"appLogName":"tomato-work-server-web.log","coreLogName":"egg-web.log","agentLogName":"egg-agent.log","errorLogName":"common-error.log","coreLogger":{"consoleLevel":"WARN"},"allowDebugAtProd":false,"type":"application"}
2021-05-29 15:44:20,207 INFO 14504 [egg-multipart] stream mode enable
2021-05-29 15:44:20,344 INFO 14504 [egg-static] starting static serve /public/ -> E:\projects\tomato-work-server\app\public
2021-05-29 15:44:20,348 INFO 14504 [egg-security] use csrf middleware
2021-05-29 15:44:20,349 INFO 14504 [egg-security] use methodnoallow middleware
2021-05-29 15:44:20,349 INFO 14504 [egg-security] use noopen middleware
2021-05-29 15:44:20,350 INFO 14504 [egg-security] use nosniff middleware
2021-05-29 15:44:20,351 INFO 14504 [egg-security] use xssProtection middleware
2021-05-29 15:44:20,352 INFO 14504 [egg-security] use xframe middleware
2021-05-29 15:44:20,353 INFO 14504 [egg-security] use dta middleware
2021-05-29 15:44:20,353 INFO 14504 [egg-security] compose 7 middlewares into one security middleware
2021-05-29 15:44:20,376 INFO 14504 [egg:core] dump config after load, 16ms
2021-05-29 15:44:20,410 INFO 14504 [egg-watcher:application] watcher start success
2021-05-29 15:44:20,442 INFO 14504 [egg:core] dump config after ready, 25ms
2021-05-29 15:45:02,751 INFO 3556 [egg:logger] init all loggers with options: {"dir":"E:\\projects\\tomato-work-server\\logs\\tomato-work-server","encoding":"utf8","env":"local","level":"INFO","consoleLevel":"INFO","disableConsoleAfterReady":false,"outputJSON":false,"buffer":true,"appLogName":"tomato-work-server-web.log","coreLogName":"egg-web.log","agentLogName":"egg-agent.log","errorLogName":"common-error.log","coreLogger":{"consoleLevel":"WARN"},"allowDebugAtProd":false,"type":"application"}
2021-05-29 15:45:02,844 INFO 3556 [egg-multipart] stream mode enable
2021-05-29 15:45:03,016 INFO 3556 [egg-static] starting static serve /public/ -> E:\projects\tomato-work-server\app\public
2021-05-29 15:45:03,019 INFO 3556 [egg-security] use csrf middleware
2021-05-29 15:45:03,020 INFO 3556 [egg-security] use methodnoallow middleware
2021-05-29 15:45:03,021 INFO 3556 [egg-security] use noopen middleware
2021-05-29 15:45:03,023 INFO 3556 [egg-security] use nosniff middleware
2021-05-29 15:45:03,024 INFO 3556 [egg-security] use xssProtection middleware
2021-05-29 15:45:03,025 INFO 3556 [egg-security] use xframe middleware
2021-05-29 15:45:03,027 INFO 3556 [egg-security] use dta middleware
2021-05-29 15:45:03,027 INFO 3556 [egg-security] compose 7 middlewares into one security middleware
2021-05-29 15:45:03,055 INFO 3556 [egg:core] dump config after load, 21ms
2021-05-29 15:45:03,088 INFO 3556 [egg-watcher:application] watcher start success
2021-05-29 15:45:03,105 INFO 3556 [egg:core] dump config after ready, 13ms
2021-05-29 15:47:00,487 INFO 7468 [egg:logger] init all loggers with options: {"dir":"E:\\projects\\tomato-work-server\\logs\\tomato-work-server","encoding":"utf8","env":"local","level":"INFO","consoleLevel":"INFO","disableConsoleAfterReady":false,"outputJSON":false,"buffer":true,"appLogName":"tomato-work-server-web.log","coreLogName":"egg-web.log","agentLogName":"egg-agent.log","errorLogName":"common-error.log","coreLogger":{"consoleLevel":"WARN"},"allowDebugAtProd":false,"type":"application"}
2021-05-29 15:47:00,530 INFO 7468 [egg-multipart] stream mode enable
2021-05-29 15:47:00,707 INFO 7468 [egg-static] starting static serve /public/ -> E:\projects\tomato-work-server\app\public
2021-05-29 15:47:00,712 INFO 7468 [egg-security] use csrf middleware
2021-05-29 15:47:00,714 INFO 7468 [egg-security] use methodnoallow middleware
2021-05-29 15:47:00,715 INFO 7468 [egg-security] use noopen middleware
2021-05-29 15:47:00,716 INFO 7468 [egg-security] use nosniff middleware
2021-05-29 15:47:00,717 INFO 7468 [egg-security] use xssProtection middleware
2021-05-29 15:47:00,718 INFO 7468 [egg-security] use xframe middleware
2021-05-29 15:47:00,719 INFO 7468 [egg-security] use dta middleware
2021-05-29 15:47:00,719 INFO 7468 [egg-security] compose 7 middlewares into one security middleware
2021-05-29 15:47:00,735 INFO 7468 [egg:core] dump config after load, 8ms
2021-05-29 15:47:00,796 INFO 7468 [egg-watcher:application] watcher start success
2021-05-29 15:47:00,815 INFO 7468 [egg:core] dump config after ready, 16ms
2021-05-29 15:51:35,828 INFO 10268 [egg:logger] init all loggers with options: {"dir":"E:\\projects\\tomato-work-server\\logs\\tomato-work-server","encoding":"utf8","env":"local","level":"INFO","consoleLevel":"INFO","disableConsoleAfterReady":false,"outputJSON":false,"buffer":true,"appLogName":"tomato-work-server-web.log","coreLogName":"egg-web.log","agentLogName":"egg-agent.log","errorLogName":"common-error.log","coreLogger":{"consoleLevel":"WARN"},"allowDebugAtProd":false,"type":"application"}
2021-05-29 15:51:35,919 INFO 10268 [egg-multipart] stream mode enable
2021-05-29 15:51:36,125 INFO 10268 [egg-static] starting static serve /public/ -> E:\projects\tomato-work-server\app\public
2021-05-29 15:51:36,129 INFO 10268 [egg-security] use csrf middleware
2021-05-29 15:51:36,130 INFO 10268 [egg-security] use methodnoallow middleware
2021-05-29 15:51:36,131 INFO 10268 [egg-security] use noopen middleware
2021-05-29 15:51:36,132 INFO 10268 [egg-security] use nosniff middleware
2021-05-29 15:51:36,133 INFO 10268 [egg-security] use xssProtection middleware
2021-05-29 15:51:36,134 INFO 10268 [egg-security] use xframe middleware
2021-05-29 15:51:36,134 INFO 10268 [egg-security] use dta middleware
2021-05-29 15:51:36,134 INFO 10268 [egg-security] compose 7 middlewares into one security middleware
2021-05-29 15:51:36,148 INFO 10268 [egg:core] dump config after load, 8ms
2021-05-29 15:51:36,184 INFO 10268 [egg-watcher:application] watcher start success
2021-05-29 15:51:36,213 INFO 10268 [egg:core] dump config after ready, 25ms
2021-05-29 15:51:41,568 INFO 10268 [egg-view-nunjucks] loading templates from ["E:\\projects\\tomato-work-server\\app\\view"]
2021-05-29 15:52:55,422 INFO 1568 [egg:logger] init all loggers with options: {"dir":"E:\\projects\\tomato-work-server\\logs\\tomato-work-server","encoding":"utf8","env":"local","level":"INFO","consoleLevel":"INFO","disableConsoleAfterReady":false,"outputJSON":false,"buffer":true,"appLogName":"tomato-work-server-web.log","coreLogName":"egg-web.log","agentLogName":"egg-agent.log","errorLogName":"common-error.log","coreLogger":{"consoleLevel":"WARN"},"allowDebugAtProd":false,"type":"application"}
2021-05-29 15:52:55,468 INFO 1568 [egg-multipart] stream mode enable
2021-05-29 15:52:55,642 INFO 1568 [egg-static] starting static serve /public/ -> E:\projects\tomato-work-server\app\public
2021-05-29 15:52:55,647 INFO 1568 [egg-security] use csrf middleware
2021-05-29 15:52:55,650 INFO 1568 [egg-security] use methodnoallow middleware
2021-05-29 15:52:55,651 INFO 1568 [egg-security] use noopen middleware
2021-05-29 15:52:55,652 INFO 1568 [egg-security] use nosniff middleware
2021-05-29 15:52:55,653 INFO 1568 [egg-security] use xssProtection middleware
2021-05-29 15:52:55,654 INFO 1568 [egg-security] use xframe middleware
2021-05-29 15:52:55,655 INFO 1568 [egg-security] use dta middleware
2021-05-29 15:52:55,655 INFO 1568 [egg-security] compose 7 middlewares into one security middleware
2021-05-29 15:52:55,674 INFO 1568 [egg:core] dump config after load, 12ms
2021-05-29 15:52:55,699 INFO 1568 [egg-watcher:application] watcher start success
2021-05-29 15:52:55,728 INFO 1568 [egg:core] dump config after ready, 25ms
2021-05-29 15:53:34,761 INFO 5368 [egg:logger] init all loggers with options: {"dir":"E:\\projects\\tomato-work-server\\logs\\tomato-work-server","encoding":"utf8","env":"local","level":"INFO","consoleLevel":"INFO","disableConsoleAfterReady":false,"outputJSON":false,"buffer":true,"appLogName":"tomato-work-server-web.log","coreLogName":"egg-web.log","agentLogName":"egg-agent.log","errorLogName":"common-error.log","coreLogger":{"consoleLevel":"WARN"},"allowDebugAtProd":false,"type":"application"}
2021-05-29 15:53:34,853 INFO 5368 [egg-multipart] stream mode enable
2021-05-29 15:53:35,099 INFO 5368 [egg-static] starting static serve /public/ -> E:\projects\tomato-work-server\app\public
2021-05-29 15:53:35,103 INFO 5368 [egg-security] use csrf middleware
2021-05-29 15:53:35,105 INFO 5368 [egg-security] use methodnoallow middleware
2021-05-29 15:53:35,105 INFO 5368 [egg-security] use noopen middleware
2021-05-29 15:53:35,106 INFO 5368 [egg-security] use nosniff middleware
2021-05-29 15:53:35,107 INFO 5368 [egg-security] use xssProtection middleware
2021-05-29 15:53:35,108 INFO 5368 [egg-security] use xframe middleware
2021-05-29 15:53:35,109 INFO 5368 [egg-security] use dta middleware
2021-05-29 15:53:35,109 INFO 5368 [egg-security] compose 7 middlewares into one security middleware
2021-05-29 15:53:35,131 INFO 5368 [egg:core] dump config after load, 15ms
2021-05-29 15:53:35,167 INFO 5368 [egg-watcher:application] watcher start success
2021-05-29 15:53:35,182 INFO 5368 [egg:core] dump config after ready, 12ms
2021-05-29 15:54:52,263 INFO 15728 [egg:logger] init all loggers with options: {"dir":"E:\\projects\\tomato-work-server\\logs\\tomato-work-server","encoding":"utf8","env":"local","level":"INFO","consoleLevel":"INFO","disableConsoleAfterReady":false,"outputJSON":false,"buffer":true,"appLogName":"tomato-work-server-web.log","coreLogName":"egg-web.log","agentLogName":"egg-agent.log","errorLogName":"common-error.log","coreLogger":{"consoleLevel":"WARN"},"allowDebugAtProd":false,"type":"application"}
2021-05-29 15:54:52,325 INFO 15728 [egg-multipart] stream mode enable
2021-05-29 15:54:52,647 INFO 15728 [egg-static] starting static serve /public/ -> E:\projects\tomato-work-server\app\public
2021-05-29 15:54:52,651 INFO 15728 [egg-security] use csrf middleware
2021-05-29 15:54:52,652 INFO 15728 [egg-security] use methodnoallow middleware
2021-05-29 15:54:52,653 INFO 15728 [egg-security] use noopen middleware
2021-05-29 15:54:52,654 INFO 15728 [egg-security] use nosniff middleware
2021-05-29 15:54:52,655 INFO 15728 [egg-security] use xssProtection middleware
2021-05-29 15:54:52,656 INFO 15728 [egg-security] use xframe middleware
2021-05-29 15:54:52,657 INFO 15728 [egg-security] use dta middleware
2021-05-29 15:54:52,657 INFO 15728 [egg-security] compose 7 middlewares into one security middleware
2021-05-29 15:54:52,672 INFO 15728 [egg:core] dump config after load, 7ms
2021-05-29 15:54:52,761 INFO 15728 [egg-watcher:application] watcher start success
2021-05-29 15:54:52,787 INFO 15728 [egg:core] dump config after ready, 19ms
2021-05-29 15:55:42,779 INFO 3164 [egg:logger] init all loggers with options: {"dir":"E:\\projects\\tomato-work-server\\logs\\tomato-work-server","encoding":"utf8","env":"local","level":"INFO","consoleLevel":"INFO","disableConsoleAfterReady":false,"outputJSON":false,"buffer":true,"appLogName":"tomato-work-server-web.log","coreLogName":"egg-web.log","agentLogName":"egg-agent.log","errorLogName":"common-error.log","coreLogger":{"consoleLevel":"WARN"},"allowDebugAtProd":false,"type":"application"}
2021-05-29 15:55:42,850 INFO 3164 [egg-multipart] stream mode enable
2021-05-29 15:55:43,031 INFO 3164 [egg-static] starting static serve /public/ -> E:\projects\tomato-work-server\app\public
2021-05-29 15:55:43,037 INFO 3164 [egg-security] use csrf middleware
2021-05-29 15:55:43,038 INFO 3164 [egg-security] use methodnoallow middleware
2021-05-29 15:55:43,039 INFO 3164 [egg-security] use noopen middleware
2021-05-29 15:55:43,040 INFO 3164 [egg-security] use nosniff middleware
2021-05-29 15:55:43,041 INFO 3164 [egg-security] use xssProtection middleware
2021-05-29 15:55:43,042 INFO 3164 [egg-security] use xframe middleware
2021-05-29 15:55:43,043 INFO 3164 [egg-security] use dta middleware
2021-05-29 15:55:43,043 INFO 3164 [egg-security] compose 7 middlewares into one security middleware
2021-05-29 15:55:43,060 INFO 3164 [egg:core] dump config after load, 11ms
2021-05-29 15:55:43,102 INFO 3164 [egg-watcher:application] watcher start success
2021-05-29 15:55:43,122 INFO 3164 [egg:core] dump config after ready, 15ms
2021-05-29 15:56:04,826 INFO 12700 [egg:logger] init all loggers with options: {"dir":"E:\\projects\\tomato-work-server\\logs\\tomato-work-server","encoding":"utf8","env":"local","level":"INFO","consoleLevel":"INFO","disableConsoleAfterReady":false,"outputJSON":false,"buffer":true,"appLogName":"tomato-work-server-web.log","coreLogName":"egg-web.log","agentLogName":"egg-agent.log","errorLogName":"common-error.log","coreLogger":{"consoleLevel":"WARN"},"allowDebugAtProd":false,"type":"application"}
2021-05-29 15:56:04,900 INFO 12700 [egg-multipart] stream mode enable
2021-05-29 15:56:05,132 INFO 12700 [egg-static] starting static serve /public/ -> E:\projects\tomato-work-server\app\public
2021-05-29 15:56:05,138 INFO 12700 [egg-security] use csrf middleware
2021-05-29 15:56:05,140 INFO 12700 [egg-security] use methodnoallow middleware
2021-05-29 15:56:05,142 INFO 12700 [egg-security] use noopen middleware
2021-05-29 15:56:05,143 INFO 12700 [egg-security] use nosniff middleware
2021-05-29 15:56:05,144 INFO 12700 [egg-security] use xssProtection middleware
2021-05-29 15:56:05,146 INFO 12700 [egg-security] use xframe middleware
2021-05-29 15:56:05,147 INFO 12700 [egg-security] use dta middleware
2021-05-29 15:56:05,147 INFO 12700 [egg-security] compose 7 middlewares into one security middleware
2021-05-29 15:56:05,168 INFO 12700 [egg:core] dump config after load, 12ms
2021-05-29 15:56:05,226 INFO 12700 [egg-watcher:application] watcher start success
2021-05-29 15:56:05,245 INFO 12700 [egg:core] dump config after ready, 14ms
2021-05-29 15:58:19,937 INFO 16348 [egg:logger] init all loggers with options: {"dir":"E:\\projects\\tomato-work-server\\logs\\tomato-work-server","encoding":"utf8","env":"local","level":"INFO","consoleLevel":"INFO","disableConsoleAfterReady":false,"outputJSON":false,"buffer":true,"appLogName":"tomato-work-server-web.log","coreLogName":"egg-web.log","agentLogName":"egg-agent.log","errorLogName":"common-error.log","coreLogger":{"consoleLevel":"WARN"},"allowDebugAtProd":false,"type":"application"}
2021-05-29 15:58:20,007 INFO 16348 [egg-multipart] stream mode enable
2021-05-29 15:58:20,312 INFO 16348 [egg-static] starting static serve /public/ -> E:\projects\tomato-work-server\app\public
2021-05-29 15:58:20,320 INFO 16348 [egg-security] use csrf middleware
2021-05-29 15:58:20,322 INFO 16348 [egg-security] use methodnoallow middleware
2021-05-29 15:58:20,323 INFO 16348 [egg-security] use noopen middleware
2021-05-29 15:58:20,324 INFO 16348 [egg-security] use nosniff middleware
2021-05-29 15:58:20,325 INFO 16348 [egg-security] use xssProtection middleware
2021-05-29 15:58:20,325 INFO 16348 [egg-security] use xframe middleware
2021-05-29 15:58:20,326 INFO 16348 [egg-security] use dta middleware
2021-05-29 15:58:20,326 INFO 16348 [egg-security] compose 7 middlewares into one security middleware
2021-05-29 15:58:20,359 INFO 16348 [egg:core] dump config after load, 24ms
2021-05-29 15:58:20,393 INFO 16348 [egg-watcher:application] watcher start success
2021-05-29 15:58:20,428 INFO 16348 [egg:core] dump config after ready, 31ms
2021-05-29 15:59:34,759 INFO 208 [egg:logger] init all loggers with options: {"dir":"E:\\projects\\tomato-work-server\\logs\\tomato-work-server","encoding":"utf8","env":"local","level":"INFO","consoleLevel":"INFO","disableConsoleAfterReady":false,"outputJSON":false,"buffer":true,"appLogName":"tomato-work-server-web.log","coreLogName":"egg-web.log","agentLogName":"egg-agent.log","errorLogName":"common-error.log","coreLogger":{"consoleLevel":"WARN"},"allowDebugAtProd":false,"type":"application"}
2021-05-29 15:59:34,810 INFO 208 [egg-multipart] stream mode enable
2021-05-29 15:59:34,967 INFO 208 [egg-static] starting static serve /public/ -> E:\projects\tomato-work-server\app\public
2021-05-29 15:59:34,971 INFO 208 [egg-security] use csrf middleware
2021-05-29 15:59:34,972 INFO 208 [egg-security] use methodnoallow middleware
2021-05-29 15:59:34,972 INFO 208 [egg-security] use noopen middleware
2021-05-29 15:59:34,973 INFO 208 [egg-security] use nosniff middleware
2021-05-29 15:59:34,974 INFO 208 [egg-security] use xssProtection middleware
2021-05-29 15:59:34,975 INFO 208 [egg-security] use xframe middleware
2021-05-29 15:59:34,975 INFO 208 [egg-security] use dta middleware
2021-05-29 15:59:34,976 INFO 208 [egg-security] compose 7 middlewares into one security middleware
2021-05-29 15:59:34,990 INFO 208 [egg:core] dump config after load, 9ms
2021-05-29 15:59:35,017 INFO 208 [egg-watcher:application] watcher start success
2021-05-29 15:59:35,034 INFO 208 [egg:core] dump config after ready, 13ms
2021-05-29 16:01:59,126 INFO 5856 [egg:logger] init all loggers with options: {"dir":"E:\\projects\\tomato-work-server\\logs\\tomato-work-server","encoding":"utf8","env":"local","level":"INFO","consoleLevel":"INFO","disableConsoleAfterReady":false,"outputJSON":false,"buffer":true,"appLogName":"tomato-work-server-web.log","coreLogName":"egg-web.log","agentLogName":"egg-agent.log","errorLogName":"common-error.log","coreLogger":{"consoleLevel":"WARN"},"allowDebugAtProd":false,"type":"application"}
2021-05-29 16:01:59,177 INFO 5856 [egg-multipart] stream mode enable
2021-05-29 16:01:59,374 INFO 5856 [egg-static] starting static serve /public/ -> E:\projects\tomato-work-server\app\public
2021-05-29 16:01:59,377 INFO 5856 [egg-security] use csrf middleware
2021-05-29 16:01:59,378 INFO 5856 [egg-security] use methodnoallow middleware
2021-05-29 16:01:59,379 INFO 5856 [egg-security] use noopen middleware
2021-05-29 16:01:59,384 INFO 5856 [egg-security] use nosniff middleware
2021-05-29 16:01:59,385 INFO 5856 [egg-security] use xssProtection middleware
2021-05-29 16:01:59,387 INFO 5856 [egg-security] use xframe middleware
2021-05-29 16:01:59,388 INFO 5856 [egg-security] use dta middleware
2021-05-29 16:01:59,388 INFO 5856 [egg-security] compose 7 middlewares into one security middleware
2021-05-29 16:01:59,408 INFO 5856 [egg:core] dump config after load, 14ms
2021-05-29 16:01:59,456 INFO 5856 [egg-watcher:application] watcher start success
2021-05-29 16:01:59,519 INFO 5856 [egg:core] dump config after ready, 47ms
2021-05-29 16:03:50,215 INFO 11920 [egg:logger] init all loggers with options: {"dir":"E:\\projects\\tomato-work-server\\logs\\tomato-work-server","encoding":"utf8","env":"local","level":"INFO","consoleLevel":"INFO","disableConsoleAfterReady":false,"outputJSON":false,"buffer":true,"appLogName":"tomato-work-server-web.log","coreLogName":"egg-web.log","agentLogName":"egg-agent.log","errorLogName":"common-error.log","coreLogger":{"consoleLevel":"WARN"},"allowDebugAtProd":false,"type":"application"}
2021-05-29 16:03:50,254 INFO 11920 [egg-multipart] stream mode enable
2021-05-29 16:03:50,388 INFO 11920 [egg-static] starting static serve /public/ -> E:\projects\tomato-work-server\app\public
2021-05-29 16:03:50,393 INFO 11920 [egg-security] use csrf middleware
2021-05-29 16:03:50,394 INFO 11920 [egg-security] use methodnoallow middleware
2021-05-29 16:03:50,394 INFO 11920 [egg-security] use noopen middleware
2021-05-29 16:03:50,395 INFO 11920 [egg-security] use nosniff middleware
2021-05-29 16:03:50,396 INFO 11920 [egg-security] use xssProtection middleware
2021-05-29 16:03:50,397 INFO 11920 [egg-security] use xframe middleware
2021-05-29 16:03:50,397 INFO 11920 [egg-security] use dta middleware
2021-05-29 16:03:50,397 INFO 11920 [egg-security] compose 7 middlewares into one security middleware
2021-05-29 16:03:50,411 INFO 11920 [egg:core] dump config after load, 8ms
2021-05-29 16:03:50,449 INFO 11920 [egg-watcher:application] watcher start success
2021-05-29 16:03:50,467 INFO 11920 [egg:core] dump config after ready, 14ms
2021-05-29 16:04:46,345 INFO 14600 [egg:logger] init all loggers with options: {"dir":"E:\\projects\\tomato-work-server\\logs\\tomato-work-server","encoding":"utf8","env":"local","level":"INFO","consoleLevel":"INFO","disableConsoleAfterReady":false,"outputJSON":false,"buffer":true,"appLogName":"tomato-work-server-web.log","coreLogName":"egg-web.log","agentLogName":"egg-agent.log","errorLogName":"common-error.log","coreLogger":{"consoleLevel":"WARN"},"allowDebugAtProd":false,"type":"application"}
2021-05-29 16:04:46,386 INFO 14600 [egg-multipart] stream mode enable
2021-05-29 16:04:46,526 INFO 14600 [egg-static] starting static serve /public/ -> E:\projects\tomato-work-server\app\public
2021-05-29 16:04:46,530 INFO 14600 [egg-security] use csrf middleware
2021-05-29 16:04:46,531 INFO 14600 [egg-security] use methodnoallow middleware
2021-05-29 16:04:46,532 INFO 14600 [egg-security] use noopen middleware
2021-05-29 16:04:46,533 INFO 14600 [egg-security] use nosniff middleware
2021-05-29 16:04:46,533 INFO 14600 [egg-security] use xssProtection middleware
2021-05-29 16:04:46,534 INFO 14600 [egg-security] use xframe middleware
2021-05-29 16:04:46,535 INFO 14600 [egg-security] use dta middleware
2021-05-29 16:04:46,535 INFO 14600 [egg-security] compose 7 middlewares into one security middleware
2021-05-29 16:04:46,559 INFO 14600 [egg:core] dump config after load, 12ms
2021-05-29 16:04:46,613 INFO 14600 [egg-watcher:application] watcher start success
2021-05-29 16:04:46,650 INFO 14600 [egg:core] dump config after ready, 32ms
