2021-05-29 15:20:47,035 INFO 288 [egg-schedule]: register schedule E:\projects\tomato-work-server\node_modules\egg-multipart\app\schedule\clean_tmpdir.js
2021-05-29 15:20:47,035 INFO 288 [egg-schedule]: register schedule E:\projects\tomato-work-server\node_modules\egg-logrotator\app\schedule\clean_log.js
2021-05-29 15:20:47,036 INFO 288 [egg-schedule]: register schedule E:\projects\tomato-work-server\node_modules\egg-logrotator\app\schedule\rotate_by_file.js
2021-05-29 15:20:47,328 INFO 1572 [Timer] E:\projects\tomato-work-server\node_modules\egg-multipart\app\schedule\clean_tmpdir.js next time will execute after 47352679ms at 2021-05-30 04:30:00.007
2021-05-29 15:20:47,329 INFO 1572 [Timer] E:\projects\tomato-work-server\node_modules\egg-logrotator\app\schedule\clean_log.js next time will execute after 31152672ms at 2021-05-30 00:00:00.001
2021-05-29 15:20:47,329 INFO 1572 [Timer] E:\projects\tomato-work-server\node_modules\egg-logrotator\app\schedule\rotate_by_file.js next time will execute after 31153671ms at 2021-05-30 00:00:01.000
2021-05-29 15:30:16,655 INFO 11728 [egg-schedule]: register schedule E:\projects\tomato-work-server\node_modules\egg-multipart\app\schedule\clean_tmpdir.js
2021-05-29 15:30:16,655 INFO 11728 [egg-schedule]: register schedule E:\projects\tomato-work-server\node_modules\egg-logrotator\app\schedule\clean_log.js
2021-05-29 15:30:16,655 INFO 11728 [egg-schedule]: register schedule E:\projects\tomato-work-server\node_modules\egg-logrotator\app\schedule\rotate_by_file.js
2021-05-29 15:30:34,847 INFO 16400 [egg-schedule]: register schedule E:\projects\tomato-work-server\node_modules\egg-multipart\app\schedule\clean_tmpdir.js
2021-05-29 15:30:34,847 INFO 16400 [egg-schedule]: register schedule E:\projects\tomato-work-server\node_modules\egg-logrotator\app\schedule\clean_log.js
2021-05-29 15:30:34,847 INFO 16400 [egg-schedule]: register schedule E:\projects\tomato-work-server\node_modules\egg-logrotator\app\schedule\rotate_by_file.js
2021-05-29 15:30:35,137 INFO 11744 [Timer] E:\projects\tomato-work-server\node_modules\egg-multipart\app\schedule\clean_tmpdir.js next time will execute after 46764871ms at 2021-05-30 04:30:00.008
2021-05-29 15:30:35,137 INFO 11744 [Timer] E:\projects\tomato-work-server\node_modules\egg-logrotator\app\schedule\clean_log.js next time will execute after 30564863ms at 2021-05-30 00:00:00.000
2021-05-29 15:30:35,138 INFO 11744 [Timer] E:\projects\tomato-work-server\node_modules\egg-logrotator\app\schedule\rotate_by_file.js next time will execute after 30565863ms at 2021-05-30 00:00:01.001
2021-05-29 15:32:15,594 INFO 10312 [egg-schedule]: register schedule E:\projects\tomato-work-server\node_modules\egg-multipart\app\schedule\clean_tmpdir.js
2021-05-29 15:32:15,594 INFO 10312 [egg-schedule]: register schedule E:\projects\tomato-work-server\node_modules\egg-logrotator\app\schedule\clean_log.js
2021-05-29 15:32:15,594 INFO 10312 [egg-schedule]: register schedule E:\projects\tomato-work-server\node_modules\egg-logrotator\app\schedule\rotate_by_file.js
2021-05-29 15:32:26,132 INFO 1988 [egg-schedule]: register schedule E:\projects\tomato-work-server\node_modules\egg-multipart\app\schedule\clean_tmpdir.js
2021-05-29 15:32:26,132 INFO 1988 [egg-schedule]: register schedule E:\projects\tomato-work-server\node_modules\egg-logrotator\app\schedule\clean_log.js
2021-05-29 15:32:26,132 INFO 1988 [egg-schedule]: register schedule E:\projects\tomato-work-server\node_modules\egg-logrotator\app\schedule\rotate_by_file.js
2021-05-29 15:32:26,395 INFO 2480 [Timer] E:\projects\tomato-work-server\node_modules\egg-multipart\app\schedule\clean_tmpdir.js next time will execute after 46653611ms at 2021-05-30 04:30:00.006
2021-05-29 15:32:26,396 INFO 2480 [Timer] E:\projects\tomato-work-server\node_modules\egg-logrotator\app\schedule\clean_log.js next time will execute after 30453605ms at 2021-05-30 00:00:00.001
2021-05-29 15:32:26,397 INFO 2480 [Timer] E:\projects\tomato-work-server\node_modules\egg-logrotator\app\schedule\rotate_by_file.js next time will execute after 30454604ms at 2021-05-30 00:00:01.001
2021-05-29 15:35:24,680 INFO 17460 [egg-schedule]: register schedule E:\projects\tomato-work-server\node_modules\egg-multipart\app\schedule\clean_tmpdir.js
2021-05-29 15:35:24,680 INFO 17460 [egg-schedule]: register schedule E:\projects\tomato-work-server\node_modules\egg-logrotator\app\schedule\clean_log.js
2021-05-29 15:35:24,680 INFO 17460 [egg-schedule]: register schedule E:\projects\tomato-work-server\node_modules\egg-logrotator\app\schedule\rotate_by_file.js
2021-05-29 15:35:24,960 INFO 14012 [Timer] E:\projects\tomato-work-server\node_modules\egg-multipart\app\schedule\clean_tmpdir.js next time will execute after 46475045ms at 2021-05-30 04:30:00.005
2021-05-29 15:35:24,961 INFO 14012 [Timer] E:\projects\tomato-work-server\node_modules\egg-logrotator\app\schedule\clean_log.js next time will execute after 30275040ms at 2021-05-30 00:00:00.001
2021-05-29 15:35:24,962 INFO 14012 [Timer] E:\projects\tomato-work-server\node_modules\egg-logrotator\app\schedule\rotate_by_file.js next time will execute after 30276039ms at 2021-05-30 00:00:01.001
2021-05-29 15:37:26,238 INFO 5564 [egg-schedule]: register schedule E:\projects\tomato-work-server\node_modules\egg-multipart\app\schedule\clean_tmpdir.js
2021-05-29 15:37:26,238 INFO 5564 [egg-schedule]: register schedule E:\projects\tomato-work-server\node_modules\egg-logrotator\app\schedule\clean_log.js
2021-05-29 15:37:26,238 INFO 5564 [egg-schedule]: register schedule E:\projects\tomato-work-server\node_modules\egg-logrotator\app\schedule\rotate_by_file.js
2021-05-29 15:37:55,022 INFO 18164 [egg-schedule]: register schedule E:\projects\tomato-work-server\node_modules\egg-multipart\app\schedule\clean_tmpdir.js
2021-05-29 15:37:55,022 INFO 18164 [egg-schedule]: register schedule E:\projects\tomato-work-server\node_modules\egg-logrotator\app\schedule\clean_log.js
2021-05-29 15:37:55,022 INFO 18164 [egg-schedule]: register schedule E:\projects\tomato-work-server\node_modules\egg-logrotator\app\schedule\rotate_by_file.js
2021-05-29 15:38:16,305 INFO 6792 [Timer] E:\projects\tomato-work-server\node_modules\egg-multipart\app\schedule\clean_tmpdir.js next time will execute after 46303706ms at 2021-05-30 04:30:00.011
2021-05-29 15:38:16,306 INFO 6792 [Timer] E:\projects\tomato-work-server\node_modules\egg-logrotator\app\schedule\clean_log.js next time will execute after 30103695ms at 2021-05-30 00:00:00.001
2021-05-29 15:38:16,307 INFO 6792 [Timer] E:\projects\tomato-work-server\node_modules\egg-logrotator\app\schedule\rotate_by_file.js next time will execute after 30104694ms at 2021-05-30 00:00:01.001
2021-05-29 15:38:16,001 INFO 13420 [egg-schedule]: register schedule E:\projects\tomato-work-server\node_modules\egg-multipart\app\schedule\clean_tmpdir.js
2021-05-29 15:38:16,001 INFO 13420 [egg-schedule]: register schedule E:\projects\tomato-work-server\node_modules\egg-logrotator\app\schedule\clean_log.js
2021-05-29 15:38:16,001 INFO 13420 [egg-schedule]: register schedule E:\projects\tomato-work-server\node_modules\egg-logrotator\app\schedule\rotate_by_file.js
2021-05-29 15:38:33,437 INFO 9448 [egg-schedule]: register schedule E:\projects\tomato-work-server\node_modules\egg-multipart\app\schedule\clean_tmpdir.js
2021-05-29 15:38:33,437 INFO 9448 [egg-schedule]: register schedule E:\projects\tomato-work-server\node_modules\egg-logrotator\app\schedule\clean_log.js
2021-05-29 15:38:33,437 INFO 9448 [egg-schedule]: register schedule E:\projects\tomato-work-server\node_modules\egg-logrotator\app\schedule\rotate_by_file.js
2021-05-29 15:38:43,666 INFO 16468 [egg-schedule]: register schedule E:\projects\tomato-work-server\node_modules\egg-multipart\app\schedule\clean_tmpdir.js
2021-05-29 15:38:43,666 INFO 16468 [egg-schedule]: register schedule E:\projects\tomato-work-server\node_modules\egg-logrotator\app\schedule\clean_log.js
2021-05-29 15:38:43,666 INFO 16468 [egg-schedule]: register schedule E:\projects\tomato-work-server\node_modules\egg-logrotator\app\schedule\rotate_by_file.js
2021-05-29 15:41:30,372 INFO 3032 [egg-schedule]: register schedule E:\projects\tomato-work-server\node_modules\egg-multipart\app\schedule\clean_tmpdir.js
2021-05-29 15:41:30,372 INFO 3032 [egg-schedule]: register schedule E:\projects\tomato-work-server\node_modules\egg-logrotator\app\schedule\clean_log.js
2021-05-29 15:41:30,372 INFO 3032 [egg-schedule]: register schedule E:\projects\tomato-work-server\node_modules\egg-logrotator\app\schedule\rotate_by_file.js
2021-05-29 15:41:57,788 INFO 4356 [egg-schedule]: register schedule E:\projects\tomato-work-server\node_modules\egg-multipart\app\schedule\clean_tmpdir.js
2021-05-29 15:41:57,788 INFO 4356 [egg-schedule]: register schedule E:\projects\tomato-work-server\node_modules\egg-logrotator\app\schedule\clean_log.js
2021-05-29 15:41:57,788 INFO 4356 [egg-schedule]: register schedule E:\projects\tomato-work-server\node_modules\egg-logrotator\app\schedule\rotate_by_file.js
2021-05-29 15:42:16,575 INFO 1000 [egg-schedule]: register schedule E:\projects\tomato-work-server\node_modules\egg-multipart\app\schedule\clean_tmpdir.js
2021-05-29 15:42:16,575 INFO 1000 [egg-schedule]: register schedule E:\projects\tomato-work-server\node_modules\egg-logrotator\app\schedule\clean_log.js
2021-05-29 15:42:16,575 INFO 1000 [egg-schedule]: register schedule E:\projects\tomato-work-server\node_modules\egg-logrotator\app\schedule\rotate_by_file.js
2021-05-29 15:43:54,119 INFO 16268 [egg-schedule]: register schedule E:\projects\tomato-work-server\node_modules\egg-multipart\app\schedule\clean_tmpdir.js
2021-05-29 15:43:54,119 INFO 16268 [egg-schedule]: register schedule E:\projects\tomato-work-server\node_modules\egg-logrotator\app\schedule\clean_log.js
2021-05-29 15:43:54,119 INFO 16268 [egg-schedule]: register schedule E:\projects\tomato-work-server\node_modules\egg-logrotator\app\schedule\rotate_by_file.js
2021-05-29 15:44:07,025 INFO 5156 [egg-schedule]: register schedule E:\projects\tomato-work-server\node_modules\egg-multipart\app\schedule\clean_tmpdir.js
2021-05-29 15:44:07,025 INFO 5156 [egg-schedule]: register schedule E:\projects\tomato-work-server\node_modules\egg-logrotator\app\schedule\clean_log.js
2021-05-29 15:44:07,025 INFO 5156 [egg-schedule]: register schedule E:\projects\tomato-work-server\node_modules\egg-logrotator\app\schedule\rotate_by_file.js
2021-05-29 15:44:20,206 INFO 14504 [egg-schedule]: register schedule E:\projects\tomato-work-server\node_modules\egg-multipart\app\schedule\clean_tmpdir.js
2021-05-29 15:44:20,206 INFO 14504 [egg-schedule]: register schedule E:\projects\tomato-work-server\node_modules\egg-logrotator\app\schedule\clean_log.js
2021-05-29 15:44:20,206 INFO 14504 [egg-schedule]: register schedule E:\projects\tomato-work-server\node_modules\egg-logrotator\app\schedule\rotate_by_file.js
2021-05-29 15:45:02,842 INFO 3556 [egg-schedule]: register schedule E:\projects\tomato-work-server\node_modules\egg-multipart\app\schedule\clean_tmpdir.js
2021-05-29 15:45:02,843 INFO 3556 [egg-schedule]: register schedule E:\projects\tomato-work-server\node_modules\egg-logrotator\app\schedule\clean_log.js
2021-05-29 15:45:02,843 INFO 3556 [egg-schedule]: register schedule E:\projects\tomato-work-server\node_modules\egg-logrotator\app\schedule\rotate_by_file.js
2021-05-29 15:47:00,529 INFO 7468 [egg-schedule]: register schedule E:\projects\tomato-work-server\node_modules\egg-multipart\app\schedule\clean_tmpdir.js
2021-05-29 15:47:00,529 INFO 7468 [egg-schedule]: register schedule E:\projects\tomato-work-server\node_modules\egg-logrotator\app\schedule\clean_log.js
2021-05-29 15:47:00,529 INFO 7468 [egg-schedule]: register schedule E:\projects\tomato-work-server\node_modules\egg-logrotator\app\schedule\rotate_by_file.js
2021-05-29 15:47:00,844 INFO 5024 [Timer] E:\projects\tomato-work-server\node_modules\egg-multipart\app\schedule\clean_tmpdir.js next time will execute after 45779165ms at 2021-05-30 04:30:00.009
2021-05-29 15:47:00,845 INFO 5024 [Timer] E:\projects\tomato-work-server\node_modules\egg-logrotator\app\schedule\clean_log.js next time will execute after 29579156ms at 2021-05-30 00:00:00.001
2021-05-29 15:47:00,846 INFO 5024 [Timer] E:\projects\tomato-work-server\node_modules\egg-logrotator\app\schedule\rotate_by_file.js next time will execute after 29580155ms at 2021-05-30 00:00:01.001
2021-05-29 15:51:35,916 INFO 10268 [egg-schedule]: register schedule E:\projects\tomato-work-server\node_modules\egg-multipart\app\schedule\clean_tmpdir.js
2021-05-29 15:51:35,916 INFO 10268 [egg-schedule]: register schedule E:\projects\tomato-work-server\node_modules\egg-logrotator\app\schedule\clean_log.js
2021-05-29 15:51:35,916 INFO 10268 [egg-schedule]: register schedule E:\projects\tomato-work-server\node_modules\egg-logrotator\app\schedule\rotate_by_file.js
2021-05-29 15:52:55,467 INFO 1568 [egg-schedule]: register schedule E:\projects\tomato-work-server\node_modules\egg-multipart\app\schedule\clean_tmpdir.js
2021-05-29 15:52:55,467 INFO 1568 [egg-schedule]: register schedule E:\projects\tomato-work-server\node_modules\egg-logrotator\app\schedule\clean_log.js
2021-05-29 15:52:55,467 INFO 1568 [egg-schedule]: register schedule E:\projects\tomato-work-server\node_modules\egg-logrotator\app\schedule\rotate_by_file.js
2021-05-29 15:53:34,852 INFO 5368 [egg-schedule]: register schedule E:\projects\tomato-work-server\node_modules\egg-multipart\app\schedule\clean_tmpdir.js
2021-05-29 15:53:34,852 INFO 5368 [egg-schedule]: register schedule E:\projects\tomato-work-server\node_modules\egg-logrotator\app\schedule\clean_log.js
2021-05-29 15:53:34,852 INFO 5368 [egg-schedule]: register schedule E:\projects\tomato-work-server\node_modules\egg-logrotator\app\schedule\rotate_by_file.js
2021-05-29 15:54:52,324 INFO 15728 [egg-schedule]: register schedule E:\projects\tomato-work-server\node_modules\egg-multipart\app\schedule\clean_tmpdir.js
2021-05-29 15:54:52,324 INFO 15728 [egg-schedule]: register schedule E:\projects\tomato-work-server\node_modules\egg-logrotator\app\schedule\clean_log.js
2021-05-29 15:54:52,324 INFO 15728 [egg-schedule]: register schedule E:\projects\tomato-work-server\node_modules\egg-logrotator\app\schedule\rotate_by_file.js
2021-05-29 15:55:42,849 INFO 3164 [egg-schedule]: register schedule E:\projects\tomato-work-server\node_modules\egg-multipart\app\schedule\clean_tmpdir.js
2021-05-29 15:55:42,849 INFO 3164 [egg-schedule]: register schedule E:\projects\tomato-work-server\node_modules\egg-logrotator\app\schedule\clean_log.js
2021-05-29 15:55:42,849 INFO 3164 [egg-schedule]: register schedule E:\projects\tomato-work-server\node_modules\egg-logrotator\app\schedule\rotate_by_file.js
2021-05-29 15:56:05,264 INFO 11208 [Timer] E:\projects\tomato-work-server\node_modules\egg-multipart\app\schedule\clean_tmpdir.js next time will execute after 45234742ms at 2021-05-30 04:30:00.006
2021-05-29 15:56:05,265 INFO 11208 [Timer] E:\projects\tomato-work-server\node_modules\egg-logrotator\app\schedule\clean_log.js next time will execute after 29034736ms at 2021-05-30 00:00:00.001
2021-05-29 15:56:05,265 INFO 11208 [Timer] E:\projects\tomato-work-server\node_modules\egg-logrotator\app\schedule\rotate_by_file.js next time will execute after 29035735ms at 2021-05-30 00:00:01.000
2021-05-29 15:56:04,899 INFO 12700 [egg-schedule]: register schedule E:\projects\tomato-work-server\node_modules\egg-multipart\app\schedule\clean_tmpdir.js
2021-05-29 15:56:04,899 INFO 12700 [egg-schedule]: register schedule E:\projects\tomato-work-server\node_modules\egg-logrotator\app\schedule\clean_log.js
2021-05-29 15:56:04,899 INFO 12700 [egg-schedule]: register schedule E:\projects\tomato-work-server\node_modules\egg-logrotator\app\schedule\rotate_by_file.js
2021-05-29 15:58:20,006 INFO 16348 [egg-schedule]: register schedule E:\projects\tomato-work-server\node_modules\egg-multipart\app\schedule\clean_tmpdir.js
2021-05-29 15:58:20,006 INFO 16348 [egg-schedule]: register schedule E:\projects\tomato-work-server\node_modules\egg-logrotator\app\schedule\clean_log.js
2021-05-29 15:58:20,006 INFO 16348 [egg-schedule]: register schedule E:\projects\tomato-work-server\node_modules\egg-logrotator\app\schedule\rotate_by_file.js
2021-05-29 15:59:34,809 INFO 208 [egg-schedule]: register schedule E:\projects\tomato-work-server\node_modules\egg-multipart\app\schedule\clean_tmpdir.js
2021-05-29 15:59:34,809 INFO 208 [egg-schedule]: register schedule E:\projects\tomato-work-server\node_modules\egg-logrotator\app\schedule\clean_log.js
2021-05-29 15:59:34,809 INFO 208 [egg-schedule]: register schedule E:\projects\tomato-work-server\node_modules\egg-logrotator\app\schedule\rotate_by_file.js
2021-05-29 16:01:59,176 INFO 5856 [egg-schedule]: register schedule E:\projects\tomato-work-server\node_modules\egg-multipart\app\schedule\clean_tmpdir.js
2021-05-29 16:01:59,176 INFO 5856 [egg-schedule]: register schedule E:\projects\tomato-work-server\node_modules\egg-logrotator\app\schedule\clean_log.js
2021-05-29 16:01:59,176 INFO 5856 [egg-schedule]: register schedule E:\projects\tomato-work-server\node_modules\egg-logrotator\app\schedule\rotate_by_file.js
2021-05-29 16:03:50,253 INFO 11920 [egg-schedule]: register schedule E:\projects\tomato-work-server\node_modules\egg-multipart\app\schedule\clean_tmpdir.js
2021-05-29 16:03:50,253 INFO 11920 [egg-schedule]: register schedule E:\projects\tomato-work-server\node_modules\egg-logrotator\app\schedule\clean_log.js
2021-05-29 16:03:50,253 INFO 11920 [egg-schedule]: register schedule E:\projects\tomato-work-server\node_modules\egg-logrotator\app\schedule\rotate_by_file.js
2021-05-29 16:04:46,385 INFO 14600 [egg-schedule]: register schedule E:\projects\tomato-work-server\node_modules\egg-multipart\app\schedule\clean_tmpdir.js
2021-05-29 16:04:46,385 INFO 14600 [egg-schedule]: register schedule E:\projects\tomato-work-server\node_modules\egg-logrotator\app\schedule\clean_log.js
2021-05-29 16:04:46,385 INFO 14600 [egg-schedule]: register schedule E:\projects\tomato-work-server\node_modules\egg-logrotator\app\schedule\rotate_by_file.js
2021-05-29 16:18:19,876 INFO 11668 [egg-schedule]: register schedule E:\projects\tomato-work-server\node_modules\egg-multipart\app\schedule\clean_tmpdir.js
2021-05-29 16:18:19,876 INFO 11668 [egg-schedule]: register schedule E:\projects\tomato-work-server\node_modules\egg-logrotator\app\schedule\clean_log.js
2021-05-29 16:18:19,876 INFO 11668 [egg-schedule]: register schedule E:\projects\tomato-work-server\node_modules\egg-logrotator\app\schedule\rotate_by_file.js
2021-05-29 16:21:28,501 INFO 16184 [egg-schedule]: register schedule E:\projects\tomato-work-server\node_modules\egg-multipart\app\schedule\clean_tmpdir.js
2021-05-29 16:21:28,501 INFO 16184 [egg-schedule]: register schedule E:\projects\tomato-work-server\node_modules\egg-logrotator\app\schedule\clean_log.js
2021-05-29 16:21:28,501 INFO 16184 [egg-schedule]: register schedule E:\projects\tomato-work-server\node_modules\egg-logrotator\app\schedule\rotate_by_file.js
2021-05-29 16:21:30,719 INFO 8912 [egg-schedule]: register schedule E:\projects\tomato-work-server\node_modules\egg-multipart\app\schedule\clean_tmpdir.js
2021-05-29 16:21:30,719 INFO 8912 [egg-schedule]: register schedule E:\projects\tomato-work-server\node_modules\egg-logrotator\app\schedule\clean_log.js
2021-05-29 16:21:30,719 INFO 8912 [egg-schedule]: register schedule E:\projects\tomato-work-server\node_modules\egg-logrotator\app\schedule\rotate_by_file.js
2021-05-29 16:23:08,972 INFO 11092 [egg-schedule]: register schedule E:\projects\tomato-work-server\node_modules\egg-multipart\app\schedule\clean_tmpdir.js
2021-05-29 16:23:08,972 INFO 11092 [egg-schedule]: register schedule E:\projects\tomato-work-server\node_modules\egg-logrotator\app\schedule\clean_log.js
2021-05-29 16:23:08,972 INFO 11092 [egg-schedule]: register schedule E:\projects\tomato-work-server\node_modules\egg-logrotator\app\schedule\rotate_by_file.js
2021-05-29 16:25:16,780 INFO 13740 [egg-schedule]: register schedule E:\projects\tomato-work-server\node_modules\egg-multipart\app\schedule\clean_tmpdir.js
2021-05-29 16:25:16,780 INFO 13740 [egg-schedule]: register schedule E:\projects\tomato-work-server\node_modules\egg-logrotator\app\schedule\clean_log.js
2021-05-29 16:25:16,780 INFO 13740 [egg-schedule]: register schedule E:\projects\tomato-work-server\node_modules\egg-logrotator\app\schedule\rotate_by_file.js
2021-05-29 16:25:26,059 INFO 10440 [egg-schedule]: register schedule E:\projects\tomato-work-server\node_modules\egg-multipart\app\schedule\clean_tmpdir.js
2021-05-29 16:25:26,059 INFO 10440 [egg-schedule]: register schedule E:\projects\tomato-work-server\node_modules\egg-logrotator\app\schedule\clean_log.js
2021-05-29 16:25:26,059 INFO 10440 [egg-schedule]: register schedule E:\projects\tomato-work-server\node_modules\egg-logrotator\app\schedule\rotate_by_file.js
2021-05-29 16:25:58,868 INFO 16276 [egg-schedule]: register schedule E:\projects\tomato-work-server\node_modules\egg-multipart\app\schedule\clean_tmpdir.js
2021-05-29 16:25:58,868 INFO 16276 [egg-schedule]: register schedule E:\projects\tomato-work-server\node_modules\egg-logrotator\app\schedule\clean_log.js
2021-05-29 16:25:58,868 INFO 16276 [egg-schedule]: register schedule E:\projects\tomato-work-server\node_modules\egg-logrotator\app\schedule\rotate_by_file.js
2021-05-29 16:27:19,981 INFO 2764 [egg-schedule]: register schedule E:\projects\tomato-work-server\node_modules\egg-multipart\app\schedule\clean_tmpdir.js
2021-05-29 16:27:19,981 INFO 2764 [egg-schedule]: register schedule E:\projects\tomato-work-server\node_modules\egg-logrotator\app\schedule\clean_log.js
2021-05-29 16:27:19,981 INFO 2764 [egg-schedule]: register schedule E:\projects\tomato-work-server\node_modules\egg-logrotator\app\schedule\rotate_by_file.js
2021-05-29 16:29:10,731 INFO 14928 [egg-schedule]: register schedule E:\projects\tomato-work-server\node_modules\egg-multipart\app\schedule\clean_tmpdir.js
2021-05-29 16:29:10,731 INFO 14928 [egg-schedule]: register schedule E:\projects\tomato-work-server\node_modules\egg-logrotator\app\schedule\clean_log.js
2021-05-29 16:29:10,731 INFO 14928 [egg-schedule]: register schedule E:\projects\tomato-work-server\node_modules\egg-logrotator\app\schedule\rotate_by_file.js
2021-05-29 16:35:15,085 INFO 15388 [egg-schedule]: register schedule E:\projects\tomato-work-server\node_modules\egg-multipart\app\schedule\clean_tmpdir.js
2021-05-29 16:35:15,085 INFO 15388 [egg-schedule]: register schedule E:\projects\tomato-work-server\node_modules\egg-logrotator\app\schedule\clean_log.js
2021-05-29 16:35:15,085 INFO 15388 [egg-schedule]: register schedule E:\projects\tomato-work-server\node_modules\egg-logrotator\app\schedule\rotate_by_file.js
2021-05-29 16:35:48,853 INFO 8620 [egg-schedule]: register schedule E:\projects\tomato-work-server\node_modules\egg-multipart\app\schedule\clean_tmpdir.js
2021-05-29 16:35:48,853 INFO 8620 [egg-schedule]: register schedule E:\projects\tomato-work-server\node_modules\egg-logrotator\app\schedule\clean_log.js
2021-05-29 16:35:48,853 INFO 8620 [egg-schedule]: register schedule E:\projects\tomato-work-server\node_modules\egg-logrotator\app\schedule\rotate_by_file.js
2021-05-29 16:35:49,108 INFO 4104 [Timer] E:\projects\tomato-work-server\node_modules\egg-multipart\app\schedule\clean_tmpdir.js next time will execute after 42850897ms at 2021-05-30 04:30:00.005
2021-05-29 16:35:49,109 INFO 4104 [Timer] E:\projects\tomato-work-server\node_modules\egg-logrotator\app\schedule\clean_log.js next time will execute after 26650891ms at 2021-05-30 00:00:00.000
2021-05-29 16:35:49,111 INFO 4104 [Timer] E:\projects\tomato-work-server\node_modules\egg-logrotator\app\schedule\rotate_by_file.js next time will execute after 26651891ms at 2021-05-30 00:00:01.002
2021-05-29 16:36:39,685 INFO 12136 [egg-schedule]: register schedule E:\projects\tomato-work-server\node_modules\egg-multipart\app\schedule\clean_tmpdir.js
2021-05-29 16:36:39,685 INFO 12136 [egg-schedule]: register schedule E:\projects\tomato-work-server\node_modules\egg-logrotator\app\schedule\clean_log.js
2021-05-29 16:36:39,685 INFO 12136 [egg-schedule]: register schedule E:\projects\tomato-work-server\node_modules\egg-logrotator\app\schedule\rotate_by_file.js
2021-05-29 16:38:25,584 INFO 14292 [egg-schedule]: register schedule E:\projects\tomato-work-server\node_modules\egg-multipart\app\schedule\clean_tmpdir.js
2021-05-29 16:38:25,584 INFO 14292 [egg-schedule]: register schedule E:\projects\tomato-work-server\node_modules\egg-logrotator\app\schedule\clean_log.js
2021-05-29 16:38:25,584 INFO 14292 [egg-schedule]: register schedule E:\projects\tomato-work-server\node_modules\egg-logrotator\app\schedule\rotate_by_file.js
2021-05-29 16:38:48,430 INFO 17244 [egg-schedule]: register schedule E:\projects\tomato-work-server\node_modules\egg-multipart\app\schedule\clean_tmpdir.js
2021-05-29 16:38:48,430 INFO 17244 [egg-schedule]: register schedule E:\projects\tomato-work-server\node_modules\egg-logrotator\app\schedule\clean_log.js
2021-05-29 16:38:48,430 INFO 17244 [egg-schedule]: register schedule E:\projects\tomato-work-server\node_modules\egg-logrotator\app\schedule\rotate_by_file.js
2021-05-29 16:45:24,170 INFO 14848 [egg-schedule]: register schedule E:\projects\tomato-work-server\node_modules\egg-multipart\app\schedule\clean_tmpdir.js
2021-05-29 16:45:24,171 INFO 14848 [egg-schedule]: register schedule E:\projects\tomato-work-server\node_modules\egg-logrotator\app\schedule\clean_log.js
2021-05-29 16:45:24,171 INFO 14848 [egg-schedule]: register schedule E:\projects\tomato-work-server\node_modules\egg-logrotator\app\schedule\rotate_by_file.js
2021-05-29 16:45:26,515 INFO 10384 [egg-schedule]: register schedule E:\projects\tomato-work-server\node_modules\egg-multipart\app\schedule\clean_tmpdir.js
2021-05-29 16:45:26,515 INFO 10384 [egg-schedule]: register schedule E:\projects\tomato-work-server\node_modules\egg-logrotator\app\schedule\clean_log.js
2021-05-29 16:45:26,516 INFO 10384 [egg-schedule]: register schedule E:\projects\tomato-work-server\node_modules\egg-logrotator\app\schedule\rotate_by_file.js
2021-05-29 16:46:14,032 INFO 11060 [Timer] E:\projects\tomato-work-server\node_modules\egg-multipart\app\schedule\clean_tmpdir.js next time will execute after 42225974ms at 2021-05-30 04:30:00.006
2021-05-29 16:46:14,032 INFO 11060 [Timer] E:\projects\tomato-work-server\node_modules\egg-logrotator\app\schedule\clean_log.js next time will execute after 26025968ms at 2021-05-30 00:00:00.000
2021-05-29 16:46:14,033 INFO 11060 [Timer] E:\projects\tomato-work-server\node_modules\egg-logrotator\app\schedule\rotate_by_file.js next time will execute after 26026968ms at 2021-05-30 00:00:01.001
2021-05-29 16:46:13,778 INFO 6128 [egg-schedule]: register schedule E:\projects\tomato-work-server\node_modules\egg-multipart\app\schedule\clean_tmpdir.js
2021-05-29 16:46:13,778 INFO 6128 [egg-schedule]: register schedule E:\projects\tomato-work-server\node_modules\egg-logrotator\app\schedule\clean_log.js
2021-05-29 16:46:13,778 INFO 6128 [egg-schedule]: register schedule E:\projects\tomato-work-server\node_modules\egg-logrotator\app\schedule\rotate_by_file.js
2021-05-29 16:47:05,256 INFO 10048 [egg-schedule]: register schedule E:\projects\tomato-work-server\node_modules\egg-multipart\app\schedule\clean_tmpdir.js
2021-05-29 16:47:05,256 INFO 10048 [egg-schedule]: register schedule E:\projects\tomato-work-server\node_modules\egg-logrotator\app\schedule\clean_log.js
2021-05-29 16:47:05,256 INFO 10048 [egg-schedule]: register schedule E:\projects\tomato-work-server\node_modules\egg-logrotator\app\schedule\rotate_by_file.js
