2021-05-29 15:21:06,166 ERROR 288 [-/::1/-/21ms GET /] nodejs.Error: Please set config.keys first
    at Application.get keys [as keys] (E:\projects\tomato-work-server\node_modules\egg\lib\application.js:266:15)
    at Object.get cookies [as cookies] (E:\projects\tomato-work-server\node_modules\egg\app\extend\context.js:22:66)
    at Object.get [egg-security#CSRF_SECRET] (E:\projects\tomato-work-server\node_modules\egg-security\app\extend\context.js:91:35)
    at Object.ensureCsrfSecret (E:\projects\tomato-work-server\node_modules\egg-security\app\extend\context.js:104:13)
    at csrf (E:\projects\tomato-work-server\node_modules\egg-security\lib\middlewares\csrf.js:15:11)
    at dispatch (E:\projects\tomato-work-server\node_modules\koa-compose\index.js:42:32)
    at E:\projects\tomato-work-server\node_modules\koa-compose\index.js:34:12
    at dispatch (E:\projects\tomato-work-server\node_modules\koa-compose\index.js:42:32)
    at session (E:\projects\tomato-work-server\node_modules\koa-session\index.js:41:13)
    at dispatch (E:\projects\tomato-work-server\node_modules\koa-compose\index.js:42:32)

pid: 288
hostname: DESKTOP-jiuhua

2021-05-29 15:22:21,643 ERROR 288 [-/::1/-/3ms GET /] nodejs.Error: Please set config.keys first
    at Application.get keys [as keys] (E:\projects\tomato-work-server\node_modules\egg\lib\application.js:266:15)
    at Object.get cookies [as cookies] (E:\projects\tomato-work-server\node_modules\egg\app\extend\context.js:22:66)
    at Object.get [egg-security#CSRF_SECRET] (E:\projects\tomato-work-server\node_modules\egg-security\app\extend\context.js:91:35)
    at Object.ensureCsrfSecret (E:\projects\tomato-work-server\node_modules\egg-security\app\extend\context.js:104:13)
    at csrf (E:\projects\tomato-work-server\node_modules\egg-security\lib\middlewares\csrf.js:15:11)
    at dispatch (E:\projects\tomato-work-server\node_modules\koa-compose\index.js:42:32)
    at E:\projects\tomato-work-server\node_modules\koa-compose\index.js:34:12
    at dispatch (E:\projects\tomato-work-server\node_modules\koa-compose\index.js:42:32)
    at session (E:\projects\tomato-work-server\node_modules\koa-session\index.js:41:13)
    at dispatch (E:\projects\tomato-work-server\node_modules\koa-compose\index.js:42:32)

pid: 288
hostname: DESKTOP-jiuhua

2021-05-29 15:22:24,675 ERROR 288 [-/::1/-/1ms GET /] nodejs.Error: Please set config.keys first
    at Application.get keys [as keys] (E:\projects\tomato-work-server\node_modules\egg\lib\application.js:266:15)
    at Object.get cookies [as cookies] (E:\projects\tomato-work-server\node_modules\egg\app\extend\context.js:22:66)
    at Object.get [egg-security#CSRF_SECRET] (E:\projects\tomato-work-server\node_modules\egg-security\app\extend\context.js:91:35)
    at Object.ensureCsrfSecret (E:\projects\tomato-work-server\node_modules\egg-security\app\extend\context.js:104:13)
    at csrf (E:\projects\tomato-work-server\node_modules\egg-security\lib\middlewares\csrf.js:15:11)
    at dispatch (E:\projects\tomato-work-server\node_modules\koa-compose\index.js:42:32)
    at E:\projects\tomato-work-server\node_modules\koa-compose\index.js:34:12
    at dispatch (E:\projects\tomato-work-server\node_modules\koa-compose\index.js:42:32)
    at session (E:\projects\tomato-work-server\node_modules\koa-session\index.js:41:13)
    at dispatch (E:\projects\tomato-work-server\node_modules\koa-compose\index.js:42:32)

pid: 288
hostname: DESKTOP-jiuhua

2021-05-29 15:30:35,164 ERROR 16400 [-/127.0.0.1/-/10ms GET /] nodejs.Error: Please set config.keys first
    at Application.get keys [as keys] (E:\projects\tomato-work-server\node_modules\egg\lib\application.js:266:15)
    at Object.get cookies [as cookies] (E:\projects\tomato-work-server\node_modules\egg\app\extend\context.js:22:66)
    at Object.get [egg-security#CSRF_SECRET] (E:\projects\tomato-work-server\node_modules\egg-security\app\extend\context.js:91:35)
    at Object.ensureCsrfSecret (E:\projects\tomato-work-server\node_modules\egg-security\app\extend\context.js:104:13)
    at csrf (E:\projects\tomato-work-server\node_modules\egg-security\lib\middlewares\csrf.js:15:11)
    at dispatch (E:\projects\tomato-work-server\node_modules\koa-compose\index.js:42:32)
    at E:\projects\tomato-work-server\node_modules\koa-compose\index.js:34:12
    at dispatch (E:\projects\tomato-work-server\node_modules\koa-compose\index.js:42:32)
    at session (E:\projects\tomato-work-server\node_modules\koa-session\index.js:41:13)
    at dispatch (E:\projects\tomato-work-server\node_modules\koa-compose\index.js:42:32)

pid: 16400
hostname: DESKTOP-jiuhua

2021-05-29 15:32:26,416 ERROR 1988 [-/::1/-/10ms GET /] nodejs.Error: Please set config.keys first
    at Application.get keys [as keys] (E:\projects\tomato-work-server\node_modules\egg\lib\application.js:266:15)
    at Object.get cookies [as cookies] (E:\projects\tomato-work-server\node_modules\egg\app\extend\context.js:22:66)
    at Object.get [egg-security#CSRF_SECRET] (E:\projects\tomato-work-server\node_modules\egg-security\app\extend\context.js:91:35)
    at Object.ensureCsrfSecret (E:\projects\tomato-work-server\node_modules\egg-security\app\extend\context.js:104:13)
    at csrf (E:\projects\tomato-work-server\node_modules\egg-security\lib\middlewares\csrf.js:15:11)
    at dispatch (E:\projects\tomato-work-server\node_modules\koa-compose\index.js:42:32)
    at E:\projects\tomato-work-server\node_modules\koa-compose\index.js:34:12
    at dispatch (E:\projects\tomato-work-server\node_modules\koa-compose\index.js:42:32)
    at session (E:\projects\tomato-work-server\node_modules\koa-session\index.js:41:13)
    at dispatch (E:\projects\tomato-work-server\node_modules\koa-compose\index.js:42:32)

pid: 1988
hostname: DESKTOP-jiuhua

2021-05-29 15:32:29,795 ERROR 1988 [-/::1/-/2ms GET /] nodejs.Error: Please set config.keys first
    at Application.get keys [as keys] (E:\projects\tomato-work-server\node_modules\egg\lib\application.js:266:15)
    at Object.get cookies [as cookies] (E:\projects\tomato-work-server\node_modules\egg\app\extend\context.js:22:66)
    at Object.get [egg-security#CSRF_SECRET] (E:\projects\tomato-work-server\node_modules\egg-security\app\extend\context.js:91:35)
    at Object.ensureCsrfSecret (E:\projects\tomato-work-server\node_modules\egg-security\app\extend\context.js:104:13)
    at csrf (E:\projects\tomato-work-server\node_modules\egg-security\lib\middlewares\csrf.js:15:11)
    at dispatch (E:\projects\tomato-work-server\node_modules\koa-compose\index.js:42:32)
    at E:\projects\tomato-work-server\node_modules\koa-compose\index.js:34:12
    at dispatch (E:\projects\tomato-work-server\node_modules\koa-compose\index.js:42:32)
    at session (E:\projects\tomato-work-server\node_modules\koa-session\index.js:41:13)
    at dispatch (E:\projects\tomato-work-server\node_modules\koa-compose\index.js:42:32)

pid: 1988
hostname: DESKTOP-jiuhua

2021-05-29 15:35:25,075 ERROR 17460 [-/::1/-/8ms GET /] nodejs.Error: Please set config.keys first
    at Application.get keys [as keys] (E:\projects\tomato-work-server\node_modules\egg\lib\application.js:266:15)
    at Object.get cookies [as cookies] (E:\projects\tomato-work-server\node_modules\egg\app\extend\context.js:22:66)
    at Object.get [egg-security#CSRF_SECRET] (E:\projects\tomato-work-server\node_modules\egg-security\app\extend\context.js:91:35)
    at Object.ensureCsrfSecret (E:\projects\tomato-work-server\node_modules\egg-security\app\extend\context.js:104:13)
    at csrf (E:\projects\tomato-work-server\node_modules\egg-security\lib\middlewares\csrf.js:15:11)
    at dispatch (E:\projects\tomato-work-server\node_modules\koa-compose\index.js:42:32)
    at E:\projects\tomato-work-server\node_modules\koa-compose\index.js:34:12
    at dispatch (E:\projects\tomato-work-server\node_modules\koa-compose\index.js:42:32)
    at session (E:\projects\tomato-work-server\node_modules\koa-session\index.js:41:13)
    at dispatch (E:\projects\tomato-work-server\node_modules\koa-compose\index.js:42:32)

pid: 17460
hostname: DESKTOP-jiuhua

2021-05-29 15:35:29,053 ERROR 17460 [-/::1/-/3ms GET /] nodejs.Error: Please set config.keys first
    at Application.get keys [as keys] (E:\projects\tomato-work-server\node_modules\egg\lib\application.js:266:15)
    at Object.get cookies [as cookies] (E:\projects\tomato-work-server\node_modules\egg\app\extend\context.js:22:66)
    at Object.get [egg-security#CSRF_SECRET] (E:\projects\tomato-work-server\node_modules\egg-security\app\extend\context.js:91:35)
    at Object.ensureCsrfSecret (E:\projects\tomato-work-server\node_modules\egg-security\app\extend\context.js:104:13)
    at csrf (E:\projects\tomato-work-server\node_modules\egg-security\lib\middlewares\csrf.js:15:11)
    at dispatch (E:\projects\tomato-work-server\node_modules\koa-compose\index.js:42:32)
    at E:\projects\tomato-work-server\node_modules\koa-compose\index.js:34:12
    at dispatch (E:\projects\tomato-work-server\node_modules\koa-compose\index.js:42:32)
    at session (E:\projects\tomato-work-server\node_modules\koa-session\index.js:41:13)
    at dispatch (E:\projects\tomato-work-server\node_modules\koa-compose\index.js:42:32)

pid: 17460
hostname: DESKTOP-jiuhua

2021-05-29 15:38:34,667 ERROR 9448 [-/::1/-/9ms GET /] nodejs.Error: Please set config.keys first
    at Application.get keys [as keys] (E:\projects\tomato-work-server\node_modules\egg\lib\application.js:266:15)
    at Object.get cookies [as cookies] (E:\projects\tomato-work-server\node_modules\egg\app\extend\context.js:22:66)
    at Object.get [egg-security#CSRF_SECRET] (E:\projects\tomato-work-server\node_modules\egg-security\app\extend\context.js:91:35)
    at Object.ensureCsrfSecret (E:\projects\tomato-work-server\node_modules\egg-security\app\extend\context.js:104:13)
    at csrf (E:\projects\tomato-work-server\node_modules\egg-security\lib\middlewares\csrf.js:15:11)
    at dispatch (E:\projects\tomato-work-server\node_modules\koa-compose\index.js:42:32)
    at E:\projects\tomato-work-server\node_modules\koa-compose\index.js:34:12
    at dispatch (E:\projects\tomato-work-server\node_modules\koa-compose\index.js:42:32)
    at session (E:\projects\tomato-work-server\node_modules\koa-session\index.js:41:13)
    at dispatch (E:\projects\tomato-work-server\node_modules\koa-compose\index.js:42:32)

pid: 9448
hostname: DESKTOP-jiuhua

2021-05-29 15:45:24,566 ERROR 3556 [-/::1/-/6ms GET /news] nodejs.AssertionError: Can't find viewEngine for E:\projects\tomato-work-server\app\view\news\list.tpl
    at ContextView.[contextView#render] (E:\projects\tomato-work-server\node_modules\egg-view\lib\context_view.js:66:5)
    at async NewsController.list (E:\projects\tomato-work-server\app\controller\news.js:11:5)
    at async E:\projects\tomato-work-server\node_modules\egg-development\app\middleware\egg_loader_trace.js:9:50
    at async xframe (E:\projects\tomato-work-server\node_modules\egg-security\lib\middlewares\xframe.js:7:5)
    at async xssProtection (E:\projects\tomato-work-server\node_modules\egg-security\lib\middlewares\xssProtection.js:7:5)
    at async nosniff (E:\projects\tomato-work-server\node_modules\egg-security\lib\middlewares\nosniff.js:8:5)
    at async noopen (E:\projects\tomato-work-server\node_modules\egg-security\lib\middlewares\noopen.js:8:5)
    at async session (E:\projects\tomato-work-server\node_modules\koa-session\index.js:41:7)
    at async bodyParser (E:\projects\tomato-work-server\node_modules\koa-bodyparser\index.js:95:5)
    at async E:\projects\tomato-work-server\node_modules\koa-static-cache\index.js:41:56
generatedMessage: false
code: "ERR_ASSERTION"
actual: ""
expected: true
operator: "=="
pid: 3556
hostname: DESKTOP-jiuhua

2021-05-29 15:47:02,517 ERROR 7468 [-/::1/-/13ms GET /news] nodejs.AssertionError: Can't find viewEngine for E:\projects\tomato-work-server\app\view\news\list.tpl
    at ContextView.[contextView#render] (E:\projects\tomato-work-server\node_modules\egg-view\lib\context_view.js:66:5)
    at async NewsController.list (E:\projects\tomato-work-server\app\controller\news.js:11:5)
    at async E:\projects\tomato-work-server\node_modules\egg-development\app\middleware\egg_loader_trace.js:9:50
    at async xframe (E:\projects\tomato-work-server\node_modules\egg-security\lib\middlewares\xframe.js:7:5)
    at async xssProtection (E:\projects\tomato-work-server\node_modules\egg-security\lib\middlewares\xssProtection.js:7:5)
    at async nosniff (E:\projects\tomato-work-server\node_modules\egg-security\lib\middlewares\nosniff.js:8:5)
    at async noopen (E:\projects\tomato-work-server\node_modules\egg-security\lib\middlewares\noopen.js:8:5)
    at async session (E:\projects\tomato-work-server\node_modules\koa-session\index.js:41:7)
    at async bodyParser (E:\projects\tomato-work-server\node_modules\koa-bodyparser\index.js:95:5)
    at async E:\projects\tomato-work-server\node_modules\koa-static-cache\index.js:41:56
generatedMessage: false
code: "ERR_ASSERTION"
actual: ""
expected: true
operator: "=="
pid: 7468
hostname: DESKTOP-jiuhua

2021-05-29 15:56:05,392 ERROR 12700 [-/::1/-/19ms GET /news] nodejs.TypeError: Cannot read property 'list' of undefined
    at NewsController.list (E:\projects\tomato-work-server\app\controller\news.js:7:45)
    at Object.callFn (E:\projects\tomato-work-server\node_modules\egg-core\lib\utils\index.js:44:21)
    at Object.classControllerMiddleware (E:\projects\tomato-work-server\node_modules\egg-core\lib\loader\mixin\controller.js:87:20)
    at Object.callFn (E:\projects\tomato-work-server\node_modules\@eggjs\router\lib\utils.js:12:21)
    at wrappedController (E:\projects\tomato-work-server\node_modules\@eggjs\router\lib\egg_router.js:322:18)
    at dispatch (E:\projects\tomato-work-server\node_modules\@eggjs\router\node_modules\koa-compose\index.js:44:32)
    at next (E:\projects\tomato-work-server\node_modules\@eggjs\router\node_modules\koa-compose\index.js:45:18)
    at E:\projects\tomato-work-server\node_modules\@eggjs\router\lib\router.js:190:18
    at dispatch (E:\projects\tomato-work-server\node_modules\@eggjs\router\node_modules\koa-compose\index.js:44:32)
    at E:\projects\tomato-work-server\node_modules\@eggjs\router\node_modules\koa-compose\index.js:36:12

pid: 12700
hostname: DESKTOP-jiuhua

2021-05-29 15:58:22,991 ERROR 16348 [-/::1/-/10ms GET /news] nodejs.TypeError: Cannot read property 'list' of undefined
    at NewsController.list (E:\projects\tomato-work-server\app\controller\news.js:7:45)
    at Object.callFn (E:\projects\tomato-work-server\node_modules\egg-core\lib\utils\index.js:44:21)
    at Object.classControllerMiddleware (E:\projects\tomato-work-server\node_modules\egg-core\lib\loader\mixin\controller.js:87:20)
    at Object.callFn (E:\projects\tomato-work-server\node_modules\@eggjs\router\lib\utils.js:12:21)
    at wrappedController (E:\projects\tomato-work-server\node_modules\@eggjs\router\lib\egg_router.js:322:18)
    at dispatch (E:\projects\tomato-work-server\node_modules\@eggjs\router\node_modules\koa-compose\index.js:44:32)
    at next (E:\projects\tomato-work-server\node_modules\@eggjs\router\node_modules\koa-compose\index.js:45:18)
    at E:\projects\tomato-work-server\node_modules\@eggjs\router\lib\router.js:190:18
    at dispatch (E:\projects\tomato-work-server\node_modules\@eggjs\router\node_modules\koa-compose\index.js:44:32)
    at E:\projects\tomato-work-server\node_modules\@eggjs\router\node_modules\koa-compose\index.js:36:12

pid: 16348
hostname: DESKTOP-jiuhua

2021-05-29 15:59:41,672 ERROR 208 [-/::1/-/8ms GET /news] nodejs.TypeError: Cannot destructure property 'serverUrl' of 'this.config.news' as it is undefined.
    at NewsService.list (E:\projects\tomato-work-server\app\service\news.js:7:13)
    at NewsController.list (E:\projects\tomato-work-server\app\controller\news.js:7:45)
    at Object.callFn (E:\projects\tomato-work-server\node_modules\egg-core\lib\utils\index.js:44:21)
    at Object.classControllerMiddleware (E:\projects\tomato-work-server\node_modules\egg-core\lib\loader\mixin\controller.js:87:20)
    at Object.callFn (E:\projects\tomato-work-server\node_modules\@eggjs\router\lib\utils.js:12:21)
    at wrappedController (E:\projects\tomato-work-server\node_modules\@eggjs\router\lib\egg_router.js:322:18)
    at dispatch (E:\projects\tomato-work-server\node_modules\@eggjs\router\node_modules\koa-compose\index.js:44:32)
    at next (E:\projects\tomato-work-server\node_modules\@eggjs\router\node_modules\koa-compose\index.js:45:18)
    at E:\projects\tomato-work-server\node_modules\@eggjs\router\lib\router.js:190:18
    at dispatch (E:\projects\tomato-work-server\node_modules\@eggjs\router\node_modules\koa-compose\index.js:44:32)

pid: 208
hostname: DESKTOP-jiuhua

2021-05-29 16:02:10,050 ERROR 5856 [-/::1/-/74ms GET /news] nodejs.TypeError: Cannot destructure property 'serverUrl' of 'this.config.news' as it is undefined.
    at NewsService.list (E:\projects\tomato-work-server\app\service\news.js:9:13)
    at NewsController.list (E:\projects\tomato-work-server\app\controller\news.js:7:45)
    at Object.callFn (E:\projects\tomato-work-server\node_modules\egg-core\lib\utils\index.js:44:21)
    at Object.classControllerMiddleware (E:\projects\tomato-work-server\node_modules\egg-core\lib\loader\mixin\controller.js:87:20)
    at Object.callFn (E:\projects\tomato-work-server\node_modules\@eggjs\router\lib\utils.js:12:21)
    at wrappedController (E:\projects\tomato-work-server\node_modules\@eggjs\router\lib\egg_router.js:322:18)
    at dispatch (E:\projects\tomato-work-server\node_modules\@eggjs\router\node_modules\koa-compose\index.js:44:32)
    at next (E:\projects\tomato-work-server\node_modules\@eggjs\router\node_modules\koa-compose\index.js:45:18)
    at E:\projects\tomato-work-server\node_modules\@eggjs\router\lib\router.js:190:18
    at dispatch (E:\projects\tomato-work-server\node_modules\@eggjs\router\node_modules\koa-compose\index.js:44:32)

pid: 5856
hostname: DESKTOP-jiuhua

2021-05-29 16:04:00,166 ERROR 11920 [-/::1/-/5181ms GET /news] nodejs.ConnectionTimeoutError: Connect timeout for 5000ms, GET https://hacker-news.firebaseio.com/v0/topstories.json -2 (connected: false, keepalive socket: false, agent status: {"createSocketCount":1,"createSocketErrorCount":0,"closeSocketCount":1,"errorSocketCount":0,"timeoutSocketCount":0,"requestCount":0,"freeSockets":{},"sockets":{},"requests":{}}, socketHandledRequests: 1, socketHandledResponses: 0)
headers: {}
headers: {}
    at Timeout._onTimeout (E:\projects\tomato-work-server\node_modules\urllib\lib\urllib.js:950:15)
    at listOnTimeout (internal/timers.js:555:17)
    at processTimers (internal/timers.js:498:7)
name: "ConnectionTimeoutError"
requestId: 1
data: undefined
path: "/v0/topstories.json?orderBy=%22%24key%22&startAt=%220%22&endAt=%224%22"
status: -2
headers: {}
res: {"status":-2,"statusCode":-2,"statusMessage":null,"headers":{},"size":0,"aborted":false,"rt":5089,"keepAliveSocket":false,"requestUrls":["https://hacker-news.firebaseio.com/v0/topstories.json"],"timing":null,"remoteAddress":"35.201.97.85","remotePort":"","socketHandledRequests":1,"socketHandledResponses":0}
pid: 11920
hostname: DESKTOP-jiuhua

2021-05-29 16:04:33,098 ERROR 11920 [-/::1/-/5077ms GET /news] nodejs.ConnectionTimeoutError: Connect timeout for 5000ms, GET https://hacker-news.firebaseio.com/v0/topstories.json -2 (connected: false, keepalive socket: false, agent status: {"createSocketCount":2,"createSocketErrorCount":0,"closeSocketCount":2,"errorSocketCount":0,"timeoutSocketCount":0,"requestCount":0,"freeSockets":{},"sockets":{},"requests":{}}, socketHandledRequests: 1, socketHandledResponses: 0)
headers: {}
headers: {}
    at Timeout._onTimeout (E:\projects\tomato-work-server\node_modules\urllib\lib\urllib.js:950:15)
    at listOnTimeout (internal/timers.js:555:17)
    at processTimers (internal/timers.js:498:7)
name: "ConnectionTimeoutError"
requestId: 2
data: undefined
path: "/v0/topstories.json?orderBy=%22%24key%22&startAt=%220%22&endAt=%224%22"
status: -2
headers: {}
res: {"status":-2,"statusCode":-2,"statusMessage":null,"headers":{},"size":0,"aborted":false,"rt":5010,"keepAliveSocket":false,"requestUrls":["https://hacker-news.firebaseio.com/v0/topstories.json"],"timing":null,"remoteAddress":"35.201.97.85","remotePort":"","socketHandledRequests":1,"socketHandledResponses":0}
pid: 11920
hostname: DESKTOP-jiuhua

2021-05-29 16:04:55,333 ERROR 14600 [-/::1/-/5060ms GET /news] nodejs.ConnectionTimeoutError: Connect timeout for 5000ms, GET https://hacker-news.firebaseio.com/v0/topstories.json -2 (connected: false, keepalive socket: false, agent status: {"createSocketCount":1,"createSocketErrorCount":0,"closeSocketCount":1,"errorSocketCount":0,"timeoutSocketCount":0,"requestCount":0,"freeSockets":{},"sockets":{},"requests":{}}, socketHandledRequests: 1, socketHandledResponses: 0)
headers: {}
headers: {}
    at Timeout._onTimeout (E:\projects\tomato-work-server\node_modules\urllib\lib\urllib.js:950:15)
    at listOnTimeout (internal/timers.js:555:17)
    at processTimers (internal/timers.js:498:7)
name: "ConnectionTimeoutError"
requestId: 1
data: undefined
path: "/v0/topstories.json?orderBy=%22%24key%22&startAt=%220%22&endAt=%224%22"
status: -2
headers: {}
res: {"status":-2,"statusCode":-2,"statusMessage":null,"headers":{},"size":0,"aborted":false,"rt":5040,"keepAliveSocket":false,"requestUrls":["https://hacker-news.firebaseio.com/v0/topstories.json"],"timing":null,"remoteAddress":"35.201.97.85","remotePort":"","socketHandledRequests":1,"socketHandledResponses":0}
pid: 14600
hostname: DESKTOP-jiuhua

2021-05-29 16:45:30,578 WARN 10384 A client (::ffff:127.0.0.1:64346) error [HPE_INVALID_METHOD] occurred: Parse Error: Invalid method encountered
2021-05-29 16:45:48,066 WARN 10384 A client (::ffff:127.0.0.1:64356) error [HPE_INVALID_METHOD] occurred: Parse Error: Invalid method encountered
2021-05-29 16:46:20,285 WARN 6128 A client (::ffff:127.0.0.1:64380) error [HPE_INVALID_METHOD] occurred: Parse Error: Invalid method encountered
2021-05-29 16:47:09,451 WARN 10048 A client (::ffff:127.0.0.1:64425) error [HPE_INVALID_METHOD] occurred: Parse Error: Invalid method encountered
